Virtual User Script started at: 06.04.2022 23:00:13
Starting action vuser_init.
Web Turbo Replay of LoadRunner 2020.0.0 for Windows 10; build 793 (ноя 27 2019 19:51:20)  	[MsgId: MMSG-26983]
Run mode: HTML  	[MsgId: MMSG-26993]
Replay user agent: Mozilla/5.0 (Windows NT 10.0; Win64; x64) AppleWebKit/537.36 (KHTML, like Gecko) Chrome/99.0.4844.82 Safari/537.36  	[MsgId: MMSG-26988]
Runtime Settings file: "C:\Users\Professional\Documents\VuGen\UC06_BuyTicket_without_view_receipt\\default.cfg"  	[MsgId: MMSG-27141]
Ending action vuser_init.
Running Vuser...
Starting iteration 1.
Maximum number of concurrent connections per server: 6  	[MsgId: MMSG-26989]
Starting action Action.
Action.c(3): Notify: Transaction "UC06_BuyTicket_without_view_receipt" started.
Action.c(5): Notify: Transaction "open_site" started.
Action.c(7): web_reg_find started  	[MsgId: MMSG-26355]
Action.c(7): Registering web_reg_find was successful  	[MsgId: MMSG-26390]
Action.c(10): web_set_sockets_option started  	[MsgId: MMSG-26355]
Action.c(10): web_set_sockets_option was successful  	[MsgId: MMSG-26392]
Action.c(12): web_add_auto_header("Sec-Fetch-Site") started  	[MsgId: MMSG-26355]
Action.c(12): web_add_auto_header("Sec-Fetch-Site") was successful  	[MsgId: MMSG-26392]
Action.c(15): web_add_auto_header("Sec-Fetch-Dest") started  	[MsgId: MMSG-26355]
Action.c(15): web_add_auto_header("Sec-Fetch-Dest") was successful  	[MsgId: MMSG-26392]
Action.c(18): web_add_auto_header("Sec-Fetch-Mode") started  	[MsgId: MMSG-26355]
Action.c(18): web_add_auto_header("Sec-Fetch-Mode") was successful  	[MsgId: MMSG-26392]
Action.c(21): web_add_auto_header("Sec-Fetch-User") started  	[MsgId: MMSG-26355]
Action.c(21): web_add_auto_header("Sec-Fetch-User") was successful  	[MsgId: MMSG-26392]
Action.c(24): web_add_auto_header("Upgrade-Insecure-Requests") started  	[MsgId: MMSG-26355]
Action.c(24): web_add_auto_header("Upgrade-Insecure-Requests") was successful  	[MsgId: MMSG-26392]
Action.c(27): web_add_auto_header("sec-ch-ua") started  	[MsgId: MMSG-26355]
Action.c(27): web_add_auto_header("sec-ch-ua") was successful  	[MsgId: MMSG-26392]
Action.c(30): web_add_auto_header("sec-ch-ua-mobile") started  	[MsgId: MMSG-26355]
Action.c(30): web_add_auto_header("sec-ch-ua-mobile") was successful  	[MsgId: MMSG-26392]
Action.c(33): web_add_auto_header("sec-ch-ua-platform") started  	[MsgId: MMSG-26355]
Action.c(33): web_add_auto_header("sec-ch-ua-platform") was successful  	[MsgId: MMSG-26392]
Action.c(37): web_reg_save_param_attrib started  	[MsgId: MMSG-26355]
Action.c(37): Registering web_reg_save_param_attrib was successful  	[MsgId: MMSG-26390]
Action.c(48): web_url("WebTours") started  	[MsgId: MMSG-26355]
Action.c(48): Detected non-resource "http://localhost:1080/WebTours/header.html" in "http://localhost:1080/WebTours/"  	[MsgId: MMSG-26574]
Action.c(48): Detected non-resource "http://localhost:1080/cgi-bin/welcome.pl?signOff=true" in "http://localhost:1080/WebTours/"  	[MsgId: MMSG-26574]
Action.c(48): Found resource "http://localhost:1080/WebTours/images/hp_logo.png" in HTML "http://localhost:1080/WebTours/header.html"  	[MsgId: MMSG-26659]
Action.c(48): Found resource "http://localhost:1080/WebTours/images/webtours.png" in HTML "http://localhost:1080/WebTours/header.html"  	[MsgId: MMSG-26659]
Action.c(48): Detected non-resource "http://localhost:1080/cgi-bin/nav.pl?in=home" in "http://localhost:1080/cgi-bin/welcome.pl?signOff=true"  	[MsgId: MMSG-26574]
Action.c(48): Detected non-resource "http://localhost:1080/WebTours/home.html" in "http://localhost:1080/cgi-bin/welcome.pl?signOff=true"  	[MsgId: MMSG-26574]
Action.c(48): Found resource "http://localhost:1080/WebTours/images/mer_login.gif" in HTML "http://localhost:1080/cgi-bin/nav.pl?in=home"  	[MsgId: MMSG-26659]
Action.c(48): Registered web_reg_find successful for "Text=Web Tours" (count=6)  	[MsgId: MMSG-26364]
Action.c(48): web_url("WebTours") was successful, 10079 body bytes, 2371 header bytes, 24 chunking overhead bytes  	[MsgId: MMSG-26385]
Action.c(58): Notify: Transaction "open_site" ended with a "Pass" status (Duration: 0.8330 Wasted Time: 0.2329).
Action.c(60): Notify: Transaction "login" started.
Action.c(62): web_reg_find started  	[MsgId: MMSG-26355]
Action.c(62): Registering web_reg_find was successful  	[MsgId: MMSG-26390]
Action.c(65): web_remove_auto_header("Sec-Fetch-User") started  	[MsgId: MMSG-26355]
Action.c(65): Previous automatically added web header for "Sec-Fetch-User" removed  	[MsgId: MMSG-26587]
Action.c(65): web_remove/revert_auto_header("Sec-Fetch-User") was successful  	[MsgId: MMSG-26392]
Action.c(67): web_add_auto_header("Sec-Fetch-Dest") started  	[MsgId: MMSG-26355]
Action.c(67): web_add_auto_header("Sec-Fetch-Dest") was successful  	[MsgId: MMSG-26392]
Action.c(70): web_remove_auto_header("Upgrade-Insecure-Requests") started  	[MsgId: MMSG-26355]
Action.c(70): Previous automatically added web header for "Upgrade-Insecure-Requests" removed  	[MsgId: MMSG-26587]
Action.c(70): web_remove/revert_auto_header("Upgrade-Insecure-Requests") was successful  	[MsgId: MMSG-26392]
Action.c(72): web_add_header("Origin") started  	[MsgId: MMSG-26355]
Action.c(72): web_add_header("Origin") was successful  	[MsgId: MMSG-26392]
Action.c(75): web_add_auto_header("Sec-Fetch-Site") started  	[MsgId: MMSG-26355]
Action.c(75): web_add_auto_header("Sec-Fetch-Site") was successful  	[MsgId: MMSG-26392]
Action.c(78): Think time - Waiting 5.00 seconds (according to limit).
Action.c(78): lr_think_time: 5.00 seconds (recorded think time was 13.00 seconds).
Action.c(80): web_submit_data("login.pl") started  	[MsgId: MMSG-26355]
Action.c(80): Detected non-resource "http://localhost:1080/cgi-bin/nav.pl?page=menu&in=home" in "http://localhost:1080/cgi-bin/login.pl"  	[MsgId: MMSG-26574]
Action.c(80): Detected non-resource "http://localhost:1080/cgi-bin/login.pl?intro=true" in "http://localhost:1080/cgi-bin/login.pl"  	[MsgId: MMSG-26574]
Action.c(80): Found resource "http://localhost:1080/WebTours/images/flights.gif" in HTML "http://localhost:1080/cgi-bin/nav.pl?page=menu&in=home"  	[MsgId: MMSG-26659]
Action.c(80): Found resource "http://localhost:1080/WebTours/images/itinerary.gif" in HTML "http://localhost:1080/cgi-bin/nav.pl?page=menu&in=home"  	[MsgId: MMSG-26659]
Action.c(80): Found resource "http://localhost:1080/WebTours/images/in_home.gif" in HTML "http://localhost:1080/cgi-bin/nav.pl?page=menu&in=home"  	[MsgId: MMSG-26659]
Action.c(80): Found resource "http://localhost:1080/WebTours/images/signoff.gif" in HTML "http://localhost:1080/cgi-bin/nav.pl?page=menu&in=home"  	[MsgId: MMSG-26659]
Action.c(80): Registered web_reg_find successful for "Text=User password was correct" (count=1)  	[MsgId: MMSG-26364]
Action.c(80): web_submit_data("login.pl") was successful, 5777 body bytes, 2040 header bytes, 36 chunking overhead bytes  	[MsgId: MMSG-26385]
Action.c(97): Notify: Transaction "login" ended with a "Pass" status (Duration: 5.5730 Think Time: 5.0122 Wasted Time: 0.0146).
Action.c(99): Notify: Transaction "click_flights" started.
Action.c(101): web_reg_find started  	[MsgId: MMSG-26355]
Action.c(101): Registering web_reg_find was successful  	[MsgId: MMSG-26390]
Action.c(104): web_add_auto_header("Sec-Fetch-User") started  	[MsgId: MMSG-26355]
Action.c(104): web_add_auto_header("Sec-Fetch-User") was successful  	[MsgId: MMSG-26392]
Action.c(107): web_add_auto_header("Upgrade-Insecure-Requests") started  	[MsgId: MMSG-26355]
Action.c(107): web_add_auto_header("Upgrade-Insecure-Requests") was successful  	[MsgId: MMSG-26392]
Action.c(110): lr_think_time: 5.00 seconds.
Action.c(112): web_url("Search Flights Button") started  	[MsgId: MMSG-26355]
Action.c(112): Detected non-resource "http://localhost:1080/cgi-bin/nav.pl?page=menu&in=flights" in "http://localhost:1080/cgi-bin/welcome.pl?page=search"  	[MsgId: MMSG-26574]
Action.c(112): Detected non-resource "http://localhost:1080/cgi-bin/reservations.pl?page=welcome" in "http://localhost:1080/cgi-bin/welcome.pl?page=search"  	[MsgId: MMSG-26574]
Action.c(112): Found resource "http://localhost:1080/WebTours/images/in_flights.gif" in HTML "http://localhost:1080/cgi-bin/nav.pl?page=menu&in=flights"  	[MsgId: MMSG-26659]
Action.c(112): Resource "http://localhost:1080/WebTours/images/itinerary.gif" is in the cache already and will not be downloaded again  	[MsgId: MMSG-26655]
Action.c(112): Found resource "http://localhost:1080/WebTours/images/home.gif" in HTML "http://localhost:1080/cgi-bin/nav.pl?page=menu&in=flights"  	[MsgId: MMSG-26659]
Action.c(112): Resource "http://localhost:1080/WebTours/images/signoff.gif" is in the cache already and will not be downloaded again  	[MsgId: MMSG-26655]
Action.c(112): Found resource "http://localhost:1080/WebTours/images/button_next.gif" in HTML "http://localhost:1080/cgi-bin/reservations.pl?page=welcome"  	[MsgId: MMSG-26659]
Action.c(112): Registered web_reg_find successful for "Text=User has returned to the search page" (count=1)  	[MsgId: MMSG-26364]
Action.c(112): web_url("Search Flights Button") was successful, 8516 body bytes, 1620 header bytes, 43 chunking overhead bytes  	[MsgId: MMSG-26385]
Action.c(122): Notify: Transaction "click_flights" ended with a "Pass" status (Duration: 5.4546 Think Time: 5.0013 Wasted Time: 0.0127).
Action.c(124): Notify: Transaction "find_flight" started.
Action.c(126): web_reg_find started  	[MsgId: MMSG-26355]
Action.c(126): Registering web_reg_find was successful  	[MsgId: MMSG-26390]
Action.c(129): web_add_auto_header("Origin") started  	[MsgId: MMSG-26355]
Action.c(129): web_add_auto_header("Origin") was successful  	[MsgId: MMSG-26392]
Action.c(132): Think time - Waiting 5.00 seconds (according to limit).
Action.c(132): lr_think_time: 5.00 seconds (recorded think time was 14.00 seconds).
Action.c(145): web_reg_save_param started  	[MsgId: MMSG-26355]
Action.c(145): Registering web_reg_save_param was successful  	[MsgId: MMSG-26390]
Action.c(151): web_submit_data("reservations.pl") started  	[MsgId: MMSG-26355]
Action.c(151): Resource "http://localhost:1080/WebTours/images/button_next.gif" is in the cache already and will not be downloaded again  	[MsgId: MMSG-26655]
Action.c(151): Registered web_reg_find successful for "Text=from <B>London</B> to <B>London</B>" (count=1)  	[MsgId: MMSG-26364]
Action.c(151): web_submit_data("reservations.pl") was successful, 2420 body bytes, 256 header bytes, 12 chunking overhead bytes  	[MsgId: MMSG-26385]
Action.c(177): Notify: Transaction "find_flight" ended with a "Pass" status (Duration: 5.3134 Think Time: 4.9992 Wasted Time: 0.0082).
Action.c(179): Think time - Waiting 5.00 seconds (according to limit).
Action.c(179): lr_think_time: 5.00 seconds (recorded think time was 24.00 seconds).
Action.c(181): Notify: Transaction "choose_flight" started.
Action.c(183): web_reg_find started  	[MsgId: MMSG-26355]
Action.c(183): Registering web_reg_find was successful  	[MsgId: MMSG-26390]
Action.c(186): web_submit_data("reservations.pl_2") started  	[MsgId: MMSG-26355]
Action.c(186): Resource "http://localhost:1080/WebTours/images/button_next.gif" is in the cache already and will not be downloaded again  	[MsgId: MMSG-26655]
Action.c(186): Registered web_reg_find successful for "Text=Flight Reservation" (count=1)  	[MsgId: MMSG-26364]
Action.c(186): web_submit_data("reservations.pl_2") was successful, 2716 body bytes, 256 header bytes, 12 chunking overhead bytes  	[MsgId: MMSG-26385]
Action.c(204): Notify: Transaction "choose_flight" ended with a "Pass" status (Duration: 0.2695 Wasted Time: 0.0081).
Action.c(206): Notify: Transaction "fill_payment_details" started.
Action.c(208): web_reg_find started  	[MsgId: MMSG-26355]
Action.c(208): Registering web_reg_find was successful  	[MsgId: MMSG-26390]
Action.c(211): web_remove_auto_header("Origin") started  	[MsgId: MMSG-26355]
Action.c(211): Previous automatically added web header for "Origin" removed  	[MsgId: MMSG-26587]
Action.c(211): web_remove/revert_auto_header("Origin") was successful  	[MsgId: MMSG-26392]
Action.c(213): web_remove_auto_header("Sec-Fetch-User") started  	[MsgId: MMSG-26355]
Action.c(213): Previous automatically added web header for "Sec-Fetch-User" removed  	[MsgId: MMSG-26587]
Action.c(213): web_remove/revert_auto_header("Sec-Fetch-User") was successful  	[MsgId: MMSG-26392]
Action.c(215): web_remove_auto_header("Upgrade-Insecure-Requests") started  	[MsgId: MMSG-26355]
Action.c(215): Previous automatically added web header for "Upgrade-Insecure-Requests" removed  	[MsgId: MMSG-26587]
Action.c(215): web_remove/revert_auto_header("Upgrade-Insecure-Requests") was successful  	[MsgId: MMSG-26392]
Action.c(217): web_add_header("Origin") started  	[MsgId: MMSG-26355]
Action.c(217): web_add_header("Origin") was successful  	[MsgId: MMSG-26392]
Action.c(220): Think time - Waiting 5.00 seconds (according to limit).
Action.c(220): lr_think_time: 5.00 seconds (recorded think time was 18.00 seconds).
Action.c(222): web_submit_data("reservations.pl_3") started  	[MsgId: MMSG-26355]
Action.c(222): Found resource "http://localhost:1080/WebTours/images/bookanother.gif" in HTML "http://localhost:1080/cgi-bin/reservations.pl"  	[MsgId: MMSG-26659]
Action.c(222): Registered web_reg_find successful for "Text=Reservation Made!" (count=1)  	[MsgId: MMSG-26364]
Action.c(222): web_submit_data("reservations.pl_3") was successful, 3265 body bytes, 665 header bytes, 12 chunking overhead bytes  	[MsgId: MMSG-26385]
Action.c(251): Notify: Transaction "fill_payment_details" ended with a "Pass" status (Duration: 5.2954 Think Time: 5.0136 Wasted Time: 0.0107).
Action.c(253): Notify: Transaction "click_flights" started.
Action.c(255): web_reg_find started  	[MsgId: MMSG-26355]
Action.c(255): Registering web_reg_find was successful  	[MsgId: MMSG-26390]
Action.c(258): web_add_auto_header("Sec-Fetch-User") started  	[MsgId: MMSG-26355]
Action.c(258): web_add_auto_header("Sec-Fetch-User") was successful  	[MsgId: MMSG-26392]
Action.c(261): web_add_auto_header("Upgrade-Insecure-Requests") started  	[MsgId: MMSG-26355]
Action.c(261): web_add_auto_header("Upgrade-Insecure-Requests") was successful  	[MsgId: MMSG-26392]
Action.c(264): lr_think_time: 5.00 seconds.
Action.c(266): web_url("Search Flights Button") started  	[MsgId: MMSG-26355]
Action.c(266): Detected non-resource "http://localhost:1080/cgi-bin/nav.pl?page=menu&in=flights" in "http://localhost:1080/cgi-bin/welcome.pl?page=search"  	[MsgId: MMSG-26574]
Action.c(266): Detected non-resource "http://localhost:1080/cgi-bin/reservations.pl?page=welcome" in "http://localhost:1080/cgi-bin/welcome.pl?page=search"  	[MsgId: MMSG-26574]
Action.c(266): Resource "http://localhost:1080/WebTours/images/in_flights.gif" is in the cache already and will not be downloaded again  	[MsgId: MMSG-26655]
Action.c(266): Resource "http://localhost:1080/WebTours/images/itinerary.gif" is in the cache already and will not be downloaded again  	[MsgId: MMSG-26655]
Action.c(266): Resource "http://localhost:1080/WebTours/images/home.gif" is in the cache already and will not be downloaded again  	[MsgId: MMSG-26655]
Action.c(266): Resource "http://localhost:1080/WebTours/images/signoff.gif" is in the cache already and will not be downloaded again  	[MsgId: MMSG-26655]
Action.c(266): Resource "http://localhost:1080/WebTours/images/button_next.gif" is in the cache already and will not be downloaded again  	[MsgId: MMSG-26655]
Action.c(266): Registered web_reg_find successful for "Text=User has returned to the search page" (count=1)  	[MsgId: MMSG-26364]
Action.c(266): web_url("Search Flights Button") was successful, 6344 body bytes, 728 header bytes, 43 chunking overhead bytes  	[MsgId: MMSG-26385]
Action.c(276): Notify: Transaction "click_flights" ended with a "Pass" status (Duration: 5.3677 Think Time: 4.9993 Wasted Time: 0.0101).
Action.c(278): Notify: Transaction "click_sign_off" started.
Action.c(280): web_reg_find started  	[MsgId: MMSG-26355]
Action.c(280): Registering web_reg_find was successful  	[MsgId: MMSG-26390]
Action.c(283): web_add_header("Sec-Fetch-User") started  	[MsgId: MMSG-26355]
Action.c(283): web_add_header("Sec-Fetch-User") was successful  	[MsgId: MMSG-26392]
Action.c(286): web_add_header("Upgrade-Insecure-Requests") started  	[MsgId: MMSG-26355]
Action.c(286): web_add_header("Upgrade-Insecure-Requests") was successful  	[MsgId: MMSG-26392]
Action.c(289): Think time - Waiting 5.00 seconds (according to limit).
Action.c(289): lr_think_time: 5.00 seconds (recorded think time was 29.00 seconds).
Action.c(291): web_url("SignOff Button") started  	[MsgId: MMSG-26355]
Action.c(291): Detected non-resource "http://localhost:1080/cgi-bin/nav.pl?in=home" in "http://localhost:1080/cgi-bin/welcome.pl?signOff=1"  	[MsgId: MMSG-26574]
Action.c(291): Detected non-resource "http://localhost:1080/WebTours/home.html" in "http://localhost:1080/cgi-bin/welcome.pl?signOff=1"  	[MsgId: MMSG-26574]
Action.c(291): Retrieving data from cache for "http://localhost:1080/WebTours/home.html"  	[MsgId: MMSG-26558]
Action.c(291): Resource "http://localhost:1080/WebTours/images/mer_login.gif" is in the cache already and will not be downloaded again  	[MsgId: MMSG-26655]
Action.c(291): Registered web_reg_find successful for "Text=A Session ID has been created and loaded into a cookie called MSO" (count=1)  	[MsgId: MMSG-26364]
Action.c(291): web_url("SignOff Button") was successful, 2174 body bytes, 584 header bytes, 24 chunking overhead bytes  	[MsgId: MMSG-26385]
Action.c(301): Notify: Transaction "click_sign_off" ended with a "Pass" status (Duration: 5.3701 Think Time: 4.9990 Wasted Time: 0.0091).
Action.c(302): Notify: Transaction "UC06_BuyTicket_without_view_receipt" ended with a "Pass" status (Duration: 38.7300 Think Time: 35.0239 Wasted Time: 0.3064).
Ending action Action.
Ending iteration 1.
Ending Vuser...
Starting action vuser_end.
Ending action vuser_end.
Vuser Terminated.
