Start auto log messages stack - Iteration 33.	[MsgId: MMSG-10545]
Action.c(122): Notify: Transaction "click_flights" ended with a "Pass" status (Duration: 20,9353 Think Time: 5,0024).	[MsgId: MMSG-16872]
Action.c(124): Notify: Transaction "find_flight" started.	[MsgId: MMSG-16999]
Action.c(126): web_reg_find started  	[MsgId: MMSG-26355]
Action.c(126): Registering web_reg_find was successful  	[MsgId: MMSG-26390]
Action.c(129): web_add_auto_header("Origin") started  	[MsgId: MMSG-26355]
Action.c(129): web_add_auto_header("Origin") was successful  	[MsgId: MMSG-26392]
Action.c(132): Think time - Waiting 5,00 seconds (according to limit).	[MsgId: MMSG-15946]
Action.c(132): lr_think_time: 5,00 seconds (recorded think time was 14,00 seconds).	[MsgId: MMSG-15947]
Action.c(145): web_reg_save_param started  	[MsgId: MMSG-26355]
Action.c(145): Registering web_reg_save_param was successful  	[MsgId: MMSG-26390]
Action.c(151): web_submit_data("reservations.pl") started  	[MsgId: MMSG-26355]
Action.c(151): Error -27721: Step download timeout (120 seconds) has expired when downloading resource "http://localhost:1080/cgi-bin/reservations.pl"  	[MsgId: MERR-27721]
End auto log messages stack.	[MsgId: MMSG-10544]


Start auto log messages stack - Iteration 33.	[MsgId: MMSG-10545]
Action.c(151): Aborting pending download of URL="http://localhost:1080/cgi-bin/reservations.pl" (RelFrameId=1, Internal ID=1014)  	[MsgId: MMSG-27649]
Action.c(151): Error -26366: "Text=from <B>Frankfurt</B> to <B>Los Angeles</B>" not found for web_reg_find  	[MsgId: MERR-26366]
Action.c(151): Error -26377: No match found for the requested parameter "outboundFlight". Either the specified boundaries were not found in the response or the matched text is longer than current max html parameter size of 256 bytes. The total length of the response is 0 bytes. You can use "web_set_max_html_param_len" to increase the max parameter size.  	[MsgId: MERR-26377]
Action.c(151): Error -26374: The above "not found" error(s) may be explained by header and body byte counts being 0 and 0, respectively.  	[MsgId: MERR-26374]
End auto log messages stack.	[MsgId: MMSG-10544]


Start auto log messages stack - Iteration 19.	[MsgId: MMSG-10545]
Action.c(286): web_add_header("Upgrade-Insecure-Requests") started  	[MsgId: MMSG-26355]
Action.c(286): web_add_header("Upgrade-Insecure-Requests") was successful  	[MsgId: MMSG-26392]
Action.c(289): Think time - Waiting 5,00 seconds (according to limit).	[MsgId: MMSG-15946]
Action.c(289): lr_think_time: 5,00 seconds (recorded think time was 29,00 seconds).	[MsgId: MMSG-15947]
Action.c(291): web_url("SignOff Button") started  	[MsgId: MMSG-26355]
Action.c(291): Detected non-resource "http://localhost:1080/cgi-bin/nav.pl?in=home" in "http://localhost:1080/cgi-bin/welcome.pl?signOff=1"  	[MsgId: MMSG-26574]
Action.c(291): Detected non-resource "http://localhost:1080/WebTours/home.html" in "http://localhost:1080/cgi-bin/welcome.pl?signOff=1"  	[MsgId: MMSG-26574]
Action.c(291): Retrieving data from cache for "http://localhost:1080/WebTours/home.html"  	[MsgId: MMSG-26558]
Action.c(291): Error -27721: Step download timeout (120 seconds) has expired when downloading resource "http://localhost:1080/cgi-bin/nav.pl?in=home"  	[MsgId: MERR-27721]
End auto log messages stack.	[MsgId: MMSG-10544]


Start auto log messages stack - Iteration 5.	[MsgId: MMSG-10545]
Action.c(258): web_add_auto_header("Sec-Fetch-User") was successful  	[MsgId: MMSG-26392]
Action.c(261): web_add_auto_header("Upgrade-Insecure-Requests") started  	[MsgId: MMSG-26355]
Action.c(261): web_add_auto_header("Upgrade-Insecure-Requests") was successful  	[MsgId: MMSG-26392]
Action.c(264): lr_think_time: 5,00 seconds.	[MsgId: MMSG-15948]
Action.c(266): web_url("Search Flights Button") started  	[MsgId: MMSG-26355]
Action.c(266): Detected non-resource "http://localhost:1080/cgi-bin/nav.pl?page=menu&in=flights" in "http://localhost:1080/cgi-bin/welcome.pl?page=search"  	[MsgId: MMSG-26574]
Action.c(266): Detected non-resource "http://localhost:1080/cgi-bin/reservations.pl?page=welcome" in "http://localhost:1080/cgi-bin/welcome.pl?page=search"  	[MsgId: MMSG-26574]
Action.c(266): Error -27721: Step download timeout (120 seconds) has expired when downloading resource "http://localhost:1080/cgi-bin/reservations.pl?page=welcome"  	[MsgId: MERR-27721]
End auto log messages stack.	[MsgId: MMSG-10544]


Start auto log messages stack - Iteration 47.	[MsgId: MMSG-10545]
Action.c(122): Notify: Transaction "click_flights" ended with a "Pass" status (Duration: 21,2966 Think Time: 5,0025).	[MsgId: MMSG-16872]
Action.c(124): Notify: Transaction "find_flight" started.	[MsgId: MMSG-16999]
Action.c(126): web_reg_find started  	[MsgId: MMSG-26355]
Action.c(126): Registering web_reg_find was successful  	[MsgId: MMSG-26390]
Action.c(129): web_add_auto_header("Origin") started  	[MsgId: MMSG-26355]
Action.c(129): web_add_auto_header("Origin") was successful  	[MsgId: MMSG-26392]
Action.c(132): Think time - Waiting 5,00 seconds (according to limit).	[MsgId: MMSG-15946]
Action.c(132): lr_think_time: 5,00 seconds (recorded think time was 14,00 seconds).	[MsgId: MMSG-15947]
Action.c(145): web_reg_save_param started  	[MsgId: MMSG-26355]
Action.c(145): Registering web_reg_save_param was successful  	[MsgId: MMSG-26390]
Action.c(151): web_submit_data("reservations.pl") started  	[MsgId: MMSG-26355]
Action.c(151): Error -27721: Step download timeout (120 seconds) has expired when downloading resource "http://localhost:1080/cgi-bin/reservations.pl"  	[MsgId: MERR-27721]
End auto log messages stack.	[MsgId: MMSG-10544]


Start auto log messages stack - Iteration 47.	[MsgId: MMSG-10545]
Action.c(151): Aborting pending download of URL="http://localhost:1080/cgi-bin/reservations.pl" (RelFrameId=1, Internal ID=1448)  	[MsgId: MMSG-27649]
Action.c(151): Error -26366: "Text=from <B>Seattle</B> to <B>Portland</B>" not found for web_reg_find  	[MsgId: MERR-26366]
Action.c(151): Error -26377: No match found for the requested parameter "outboundFlight". Either the specified boundaries were not found in the response or the matched text is longer than current max html parameter size of 256 bytes. The total length of the response is 0 bytes. You can use "web_set_max_html_param_len" to increase the max parameter size.  	[MsgId: MERR-26377]
Action.c(151): Error -26374: The above "not found" error(s) may be explained by header and body byte counts being 0 and 0, respectively.  	[MsgId: MERR-26374]
End auto log messages stack.	[MsgId: MMSG-10544]


