Start auto log messages stack - Iteration 1.	[MsgId: MMSG-10545]
Action.c(25): web_add_auto_header("Upgrade-Insecure-Requests") was successful  	[MsgId: MMSG-26392]
Action.c(28): web_add_auto_header("sec-ch-ua") started  	[MsgId: MMSG-26355]
Action.c(28): web_add_auto_header("sec-ch-ua") was successful  	[MsgId: MMSG-26392]
Action.c(31): web_add_auto_header("sec-ch-ua-mobile") started  	[MsgId: MMSG-26355]
Action.c(31): web_add_auto_header("sec-ch-ua-mobile") was successful  	[MsgId: MMSG-26392]
Action.c(34): web_add_auto_header("sec-ch-ua-platform") started  	[MsgId: MMSG-26355]
Action.c(34): web_add_auto_header("sec-ch-ua-platform") was successful  	[MsgId: MMSG-26392]
Action.c(37): web_url("WebTours") started  	[MsgId: MMSG-26355]
Action.c(37): Error -27792: Failed to connect to server "localhost:1080": [10061] Connection refused  	[MsgId: MERR-27792]
Action.c(37): Error -26366: "Text=Web Tours" not found for web_reg_find  	[MsgId: MERR-26366]
Action.c(37): Error -26374: The above "not found" error(s) may be explained by header and body byte counts being 0 and 0, respectively.  	[MsgId: MERR-26374]
End auto log messages stack.	[MsgId: MMSG-10544]


Start auto log messages stack - Iteration 1.	[MsgId: MMSG-10545]
Action.c(25): web_add_auto_header("Upgrade-Insecure-Requests") was successful  	[MsgId: MMSG-26392]
Action.c(28): web_add_auto_header("sec-ch-ua") started  	[MsgId: MMSG-26355]
Action.c(28): web_add_auto_header("sec-ch-ua") was successful  	[MsgId: MMSG-26392]
Action.c(31): web_add_auto_header("sec-ch-ua-mobile") started  	[MsgId: MMSG-26355]
Action.c(31): web_add_auto_header("sec-ch-ua-mobile") was successful  	[MsgId: MMSG-26392]
Action.c(34): web_add_auto_header("sec-ch-ua-platform") started  	[MsgId: MMSG-26355]
Action.c(34): web_add_auto_header("sec-ch-ua-platform") was successful  	[MsgId: MMSG-26392]
Action.c(37): web_url("WebTours") started  	[MsgId: MMSG-26355]
Action.c(37): Error -27792: Failed to connect to server "localhost:1080": [10061] Connection refused  	[MsgId: MERR-27792]
Action.c(37): Error -26366: "Text=Web Tours" not found for web_reg_find  	[MsgId: MERR-26366]
Action.c(37): Error -26374: The above "not found" error(s) may be explained by header and body byte counts being 0 and 0, respectively.  	[MsgId: MERR-26374]
End auto log messages stack.	[MsgId: MMSG-10544]


Start auto log messages stack - Iteration 2.	[MsgId: MMSG-10545]
Action.c(25): web_add_auto_header("Upgrade-Insecure-Requests") was successful  	[MsgId: MMSG-26392]
Action.c(28): web_add_auto_header("sec-ch-ua") started  	[MsgId: MMSG-26355]
Action.c(28): web_add_auto_header("sec-ch-ua") was successful  	[MsgId: MMSG-26392]
Action.c(31): web_add_auto_header("sec-ch-ua-mobile") started  	[MsgId: MMSG-26355]
Action.c(31): web_add_auto_header("sec-ch-ua-mobile") was successful  	[MsgId: MMSG-26392]
Action.c(34): web_add_auto_header("sec-ch-ua-platform") started  	[MsgId: MMSG-26355]
Action.c(34): web_add_auto_header("sec-ch-ua-platform") was successful  	[MsgId: MMSG-26392]
Action.c(37): web_url("WebTours") started  	[MsgId: MMSG-26355]
Action.c(37): Error -27792: Failed to connect to server "localhost:1080": [10061] Connection refused  	[MsgId: MERR-27792]
Action.c(37): Error -26366: "Text=Web Tours" not found for web_reg_find  	[MsgId: MERR-26366]
Action.c(37): Error -26374: The above "not found" error(s) may be explained by header and body byte counts being 0 and 0, respectively.  	[MsgId: MERR-26374]
End auto log messages stack.	[MsgId: MMSG-10544]


Start auto log messages stack - Iteration 2.	[MsgId: MMSG-10545]
Action.c(25): web_add_auto_header("Upgrade-Insecure-Requests") was successful  	[MsgId: MMSG-26392]
Action.c(28): web_add_auto_header("sec-ch-ua") started  	[MsgId: MMSG-26355]
Action.c(28): web_add_auto_header("sec-ch-ua") was successful  	[MsgId: MMSG-26392]
Action.c(31): web_add_auto_header("sec-ch-ua-mobile") started  	[MsgId: MMSG-26355]
Action.c(31): web_add_auto_header("sec-ch-ua-mobile") was successful  	[MsgId: MMSG-26392]
Action.c(34): web_add_auto_header("sec-ch-ua-platform") started  	[MsgId: MMSG-26355]
Action.c(34): web_add_auto_header("sec-ch-ua-platform") was successful  	[MsgId: MMSG-26392]
Action.c(37): web_url("WebTours") started  	[MsgId: MMSG-26355]
Action.c(37): Error -27792: Failed to connect to server "localhost:1080": [10061] Connection refused  	[MsgId: MERR-27792]
Action.c(37): Error -26366: "Text=Web Tours" not found for web_reg_find  	[MsgId: MERR-26366]
Action.c(37): Error -26374: The above "not found" error(s) may be explained by header and body byte counts being 0 and 0, respectively.  	[MsgId: MERR-26374]
End auto log messages stack.	[MsgId: MMSG-10544]


