Virtual User Script started at: 09.04.2022 12:25:48
Starting action vuser_init.
Web Turbo Replay of LoadRunner 2020.0.0 for Windows 10; build 793 (ноя 27 2019 19:51:20)  	[MsgId: MMSG-26983]
Run mode: HTML  	[MsgId: MMSG-26993]
Replay user agent: Mozilla/5.0 (Windows NT 10.0; Win64; x64) AppleWebKit/537.36 (KHTML, like Gecko) Chrome/99.0.4844.82 Safari/537.36  	[MsgId: MMSG-26988]
Runtime Settings file: "C:\Users\Professional\Documents\VuGen\UC04_DeleteTicket\\default.cfg"  	[MsgId: MMSG-27141]
Ending action vuser_init.
Running Vuser...
Starting iteration 1.
Maximum number of concurrent connections per server: 6  	[MsgId: MMSG-26989]
Starting action Action.
Action.c(3): Notify: Transaction "UC04_DeleteTicket" started.
Action.c(5): Notify: Transaction "open_site" started.
Action.c(7): web_reg_find started  	[MsgId: MMSG-26355]
Action.c(7): Registering web_reg_find was successful  	[MsgId: MMSG-26390]
Action.c(10): web_set_sockets_option started  	[MsgId: MMSG-26355]
Action.c(10): web_set_sockets_option was successful  	[MsgId: MMSG-26392]
Action.c(12): web_add_auto_header("Sec-Fetch-Site") started  	[MsgId: MMSG-26355]
Action.c(12): web_add_auto_header("Sec-Fetch-Site") was successful  	[MsgId: MMSG-26392]
Action.c(15): web_add_auto_header("Sec-Fetch-Dest") started  	[MsgId: MMSG-26355]
Action.c(15): web_add_auto_header("Sec-Fetch-Dest") was successful  	[MsgId: MMSG-26392]
Action.c(18): web_add_auto_header("Sec-Fetch-Mode") started  	[MsgId: MMSG-26355]
Action.c(18): web_add_auto_header("Sec-Fetch-Mode") was successful  	[MsgId: MMSG-26392]
Action.c(21): web_add_auto_header("Sec-Fetch-User") started  	[MsgId: MMSG-26355]
Action.c(21): web_add_auto_header("Sec-Fetch-User") was successful  	[MsgId: MMSG-26392]
Action.c(24): web_add_auto_header("Upgrade-Insecure-Requests") started  	[MsgId: MMSG-26355]
Action.c(24): web_add_auto_header("Upgrade-Insecure-Requests") was successful  	[MsgId: MMSG-26392]
Action.c(27): web_add_auto_header("sec-ch-ua") started  	[MsgId: MMSG-26355]
Action.c(27): web_add_auto_header("sec-ch-ua") was successful  	[MsgId: MMSG-26392]
Action.c(30): web_add_auto_header("sec-ch-ua-mobile") started  	[MsgId: MMSG-26355]
Action.c(30): web_add_auto_header("sec-ch-ua-mobile") was successful  	[MsgId: MMSG-26392]
Action.c(33): web_add_auto_header("sec-ch-ua-platform") started  	[MsgId: MMSG-26355]
Action.c(33): web_add_auto_header("sec-ch-ua-platform") was successful  	[MsgId: MMSG-26392]
Action.c(37): web_reg_save_param_attrib started  	[MsgId: MMSG-26355]
Action.c(37): Registering web_reg_save_param_attrib was successful  	[MsgId: MMSG-26390]
Action.c(48): web_url("WebTours") started  	[MsgId: MMSG-26355]
Action.c(48): Detected non-resource "http://localhost:1080/WebTours/header.html" in "http://localhost:1080/WebTours/"  	[MsgId: MMSG-26574]
Action.c(48): Detected non-resource "http://localhost:1080/cgi-bin/welcome.pl?signOff=true" in "http://localhost:1080/WebTours/"  	[MsgId: MMSG-26574]
Action.c(48): Found resource "http://localhost:1080/WebTours/images/hp_logo.png" in HTML "http://localhost:1080/WebTours/header.html"  	[MsgId: MMSG-26659]
Action.c(48): Found resource "http://localhost:1080/WebTours/images/webtours.png" in HTML "http://localhost:1080/WebTours/header.html"  	[MsgId: MMSG-26659]
Action.c(48): Detected non-resource "http://localhost:1080/cgi-bin/nav.pl?in=home" in "http://localhost:1080/cgi-bin/welcome.pl?signOff=true"  	[MsgId: MMSG-26574]
Action.c(48): Detected non-resource "http://localhost:1080/WebTours/home.html" in "http://localhost:1080/cgi-bin/welcome.pl?signOff=true"  	[MsgId: MMSG-26574]
Action.c(48): Found resource "http://localhost:1080/WebTours/images/mer_login.gif" in HTML "http://localhost:1080/cgi-bin/nav.pl?in=home"  	[MsgId: MMSG-26659]
Action.c(48): Registered web_reg_find successful for "Text=Web Tours" (count=6)  	[MsgId: MMSG-26364]
Action.c(48): web_url("WebTours") was successful, 10080 body bytes, 2371 header bytes, 24 chunking overhead bytes  	[MsgId: MMSG-26385]
Action.c(58): Notify: Transaction "open_site" ended with a "Pass" status (Duration: 1.3394 Wasted Time: 0.2707).
Action.c(60): Notify: Transaction "login" started.
Action.c(62): web_reg_find started  	[MsgId: MMSG-26355]
Action.c(62): Registering web_reg_find was successful  	[MsgId: MMSG-26390]
Action.c(65): web_remove_auto_header("Sec-Fetch-User") started  	[MsgId: MMSG-26355]
Action.c(65): Previous automatically added web header for "Sec-Fetch-User" removed  	[MsgId: MMSG-26587]
Action.c(65): web_remove/revert_auto_header("Sec-Fetch-User") was successful  	[MsgId: MMSG-26392]
Action.c(67): web_add_auto_header("Sec-Fetch-Dest") started  	[MsgId: MMSG-26355]
Action.c(67): web_add_auto_header("Sec-Fetch-Dest") was successful  	[MsgId: MMSG-26392]
Action.c(70): web_remove_auto_header("Upgrade-Insecure-Requests") started  	[MsgId: MMSG-26355]
Action.c(70): Previous automatically added web header for "Upgrade-Insecure-Requests" removed  	[MsgId: MMSG-26587]
Action.c(70): web_remove/revert_auto_header("Upgrade-Insecure-Requests") was successful  	[MsgId: MMSG-26392]
Action.c(72): web_add_header("Origin") started  	[MsgId: MMSG-26355]
Action.c(72): web_add_header("Origin") was successful  	[MsgId: MMSG-26392]
Action.c(75): web_add_auto_header("Sec-Fetch-Site") started  	[MsgId: MMSG-26355]
Action.c(75): web_add_auto_header("Sec-Fetch-Site") was successful  	[MsgId: MMSG-26392]
Action.c(78): Think time - Waiting 5,00 seconds (according to limit).
Action.c(78): lr_think_time: 5,00 seconds (recorded think time was 6,00 seconds).
Action.c(80): web_submit_data("login.pl") started  	[MsgId: MMSG-26355]
Action.c(80): Detected non-resource "http://localhost:1080/cgi-bin/nav.pl?page=menu&in=home" in "http://localhost:1080/cgi-bin/login.pl"  	[MsgId: MMSG-26574]
Action.c(80): Detected non-resource "http://localhost:1080/cgi-bin/login.pl?intro=true" in "http://localhost:1080/cgi-bin/login.pl"  	[MsgId: MMSG-26574]
Action.c(80): Found resource "http://localhost:1080/WebTours/images/flights.gif" in HTML "http://localhost:1080/cgi-bin/nav.pl?page=menu&in=home"  	[MsgId: MMSG-26659]
Action.c(80): Found resource "http://localhost:1080/WebTours/images/itinerary.gif" in HTML "http://localhost:1080/cgi-bin/nav.pl?page=menu&in=home"  	[MsgId: MMSG-26659]
Action.c(80): Found resource "http://localhost:1080/WebTours/images/in_home.gif" in HTML "http://localhost:1080/cgi-bin/nav.pl?page=menu&in=home"  	[MsgId: MMSG-26659]
Action.c(80): Found resource "http://localhost:1080/WebTours/images/signoff.gif" in HTML "http://localhost:1080/cgi-bin/nav.pl?page=menu&in=home"  	[MsgId: MMSG-26659]
Action.c(80): Registered web_reg_find successful for "Text=User password was correct" (count=1)  	[MsgId: MMSG-26364]
Action.c(80): web_submit_data("login.pl") was successful, 5777 body bytes, 2040 header bytes, 36 chunking overhead bytes  	[MsgId: MMSG-26385]
Action.c(97): Notify: Transaction "login" ended with a "Pass" status (Duration: 5.4876 Think Time: 4.9998 Wasted Time: 0.0145).
Action.c(99): Notify: Transaction "click_itinerary" started.
Action.c(101): web_reg_find started  	[MsgId: MMSG-26355]
Action.c(101): Registering web_reg_find was successful  	[MsgId: MMSG-26390]
Action.c(104): web_reg_save_param started  	[MsgId: MMSG-26355]
Action.c(104): Registering web_reg_save_param was successful  	[MsgId: MMSG-26390]
Action.c(111): web_add_auto_header("Sec-Fetch-User") started  	[MsgId: MMSG-26355]
Action.c(111): web_add_auto_header("Sec-Fetch-User") was successful  	[MsgId: MMSG-26392]
Action.c(114): web_add_auto_header("Upgrade-Insecure-Requests") started  	[MsgId: MMSG-26355]
Action.c(114): web_add_auto_header("Upgrade-Insecure-Requests") was successful  	[MsgId: MMSG-26392]
Action.c(117): Think time - Waiting 5.00 seconds (according to limit).
Action.c(117): lr_think_time: 5.00 seconds (recorded think time was 16.00 seconds).
Action.c(121): web_url("Itinerary Button") started  	[MsgId: MMSG-26355]
Action.c(121): Detected non-resource "http://localhost:1080/cgi-bin/nav.pl?page=menu&in=itinerary" in "http://localhost:1080/cgi-bin/welcome.pl?page=itinerary"  	[MsgId: MMSG-26574]
Action.c(121): Detected non-resource "http://localhost:1080/cgi-bin/itinerary.pl" in "http://localhost:1080/cgi-bin/welcome.pl?page=itinerary"  	[MsgId: MMSG-26574]
Action.c(121): Resource "http://localhost:1080/WebTours/images/flights.gif" is in the cache already and will not be downloaded again  	[MsgId: MMSG-26655]
Action.c(121): Found resource "http://localhost:1080/WebTours/images/in_itinerary.gif" in HTML "http://localhost:1080/cgi-bin/nav.pl?page=menu&in=itinerary"  	[MsgId: MMSG-26659]
Action.c(121): Found resource "http://localhost:1080/WebTours/images/home.gif" in HTML "http://localhost:1080/cgi-bin/nav.pl?page=menu&in=itinerary"  	[MsgId: MMSG-26659]
Action.c(121): Resource "http://localhost:1080/WebTours/images/signoff.gif" is in the cache already and will not be downloaded again  	[MsgId: MMSG-26655]
Action.c(121): Found resource "http://localhost:1080/WebTours/images/cancelreservation.gif" in HTML "http://localhost:1080/cgi-bin/itinerary.pl"  	[MsgId: MMSG-26659]
Action.c(121): Found resource "http://localhost:1080/WebTours/images/cancelallreservations.gif" in HTML "http://localhost:1080/cgi-bin/itinerary.pl"  	[MsgId: MMSG-26659]
Action.c(121): Registered web_reg_find successful for "Text=User wants the intineraries" (count=1)  	[MsgId: MMSG-26364]
Action.c(121): web_url("Itinerary Button") was successful, 81587 body bytes, 1917 header bytes, 179 chunking overhead bytes  	[MsgId: MMSG-26385]
Action.c(133): Notify: Transaction "click_itinerary" ended with a "Pass" status (Duration: 5,4218 Think Time: 5,0004 Wasted Time: 0,0195).
Action.c(135): Notify: Transaction "delete_ticket" started.
Action.c(138): web_add_header("Origin") started  	[MsgId: MMSG-26355]
Action.c(138): web_add_header("Origin") was successful  	[MsgId: MMSG-26392]
Action.c(141): web_add_auto_header("Sec-Fetch-User") started  	[MsgId: MMSG-26355]
Action.c(141): web_add_auto_header("Sec-Fetch-User") was successful  	[MsgId: MMSG-26392]
Action.c(145): Think time - Waiting 5,00 seconds (according to limit).
Action.c(145): lr_think_time: 5,00 seconds (recorded think time was 17,00 seconds).
Action.c(149): web_reg_find started  	[MsgId: MMSG-26355]
Action.c(149): Registering web_reg_find was successful  	[MsgId: MMSG-26390]
Action.c(153): web_reg_find started  	[MsgId: MMSG-26355]
Action.c(153): Registering web_reg_find was successful  	[MsgId: MMSG-26390]
Action.c(158): web_submit_form("itinerary.pl") started  	[MsgId: MMSG-26355]
Action.c(158): Submitting form to "http://localhost:1080/cgi-bin/itinerary.pl", Target Frame=""  	[MsgId: MMSG-27978]
Action.c(158): Resource "http://localhost:1080/WebTours/images/cancelreservation.gif" is in the cache already and will not be downloaded again  	[MsgId: MMSG-26655]
Action.c(158): Resource "http://localhost:1080/WebTours/images/cancelallreservations.gif" is in the cache already and will not be downloaded again  	[MsgId: MMSG-26655]
Action.c(158): Registered web_reg_find successful for "Text=4114937-793-vb"  	[MsgId: MMSG-26362]
Action.c(158): Registered web_reg_find successful for "Text=128003026-1592-vb"  	[MsgId: MMSG-26362]
Action.c(158): web_submit_form("itinerary.pl") was successful, 74282 body bytes, 256 header bytes, 155 chunking overhead bytes  	[MsgId: MMSG-26385]
Action.c(188): Notify: Transaction "delete_ticket" ended with a "Pass" status (Duration: 5,2722 Think Time: 5,0000 Wasted Time: 0,0196).
Action.c(190): Notify: Transaction "click_sign_off" started.
Action.c(192): web_reg_find started  	[MsgId: MMSG-26355]
Action.c(192): Registering web_reg_find was successful  	[MsgId: MMSG-26390]
Action.c(195): web_remove_auto_header("Sec-Fetch-User") started  	[MsgId: MMSG-26355]
Action.c(195): Previous automatically added web header for "Sec-Fetch-User" removed  	[MsgId: MMSG-26587]
Action.c(195): web_remove/revert_auto_header("Sec-Fetch-User") was successful  	[MsgId: MMSG-26392]
Action.c(197): web_add_header("Sec-Fetch-User") started  	[MsgId: MMSG-26355]
Action.c(197): web_add_header("Sec-Fetch-User") was successful  	[MsgId: MMSG-26392]
Action.c(200): Think time - Waiting 5,00 seconds (according to limit).
Action.c(200): lr_think_time: 5,00 seconds (recorded think time was 25,00 seconds).
Action.c(202): web_url("SignOff Button") started  	[MsgId: MMSG-26355]
Action.c(202): Detected non-resource "http://localhost:1080/cgi-bin/nav.pl?in=home" in "http://localhost:1080/cgi-bin/welcome.pl?signOff=1"  	[MsgId: MMSG-26574]
Action.c(202): Detected non-resource "http://localhost:1080/WebTours/home.html" in "http://localhost:1080/cgi-bin/welcome.pl?signOff=1"  	[MsgId: MMSG-26574]
Action.c(202): Retrieving data from cache for "http://localhost:1080/WebTours/home.html"  	[MsgId: MMSG-26558]
Action.c(202): Resource "http://localhost:1080/WebTours/images/mer_login.gif" is in the cache already and will not be downloaded again  	[MsgId: MMSG-26655]
Action.c(202): Registered web_reg_find successful for "Text=A Session ID has been created and loaded into a cookie called MSO" (count=1)  	[MsgId: MMSG-26364]
Action.c(202): web_url("SignOff Button") was successful, 2176 body bytes, 584 header bytes, 24 chunking overhead bytes  	[MsgId: MMSG-26385]
Action.c(212): Notify: Transaction "click_sign_off" ended with a "Pass" status (Duration: 5,3132 Think Time: 5,0004 Wasted Time: 0,0136).
Action.c(213): Notify: Transaction "UC04_DeleteTicket" ended with a "Pass" status (Duration: 22,8709 Think Time: 20,0006 Wasted Time: 0,3379).
Ending action Action.
Ending iteration 1.
Ending Vuser...
Starting action vuser_end.
Ending action vuser_end.
Vuser Terminated.
