Start auto log messages stack - Iteration 4.	[MsgId: MMSG-10545]
Action.c(149): Registering web_reg_find was successful  	[MsgId: MMSG-26390]
Action.c(153): web_reg_find started  	[MsgId: MMSG-26355]
Action.c(153): Registering web_reg_find was successful  	[MsgId: MMSG-26390]
Action.c(158): web_submit_form("itinerary.pl") started  	[MsgId: MMSG-26355]
Action.c(158): Submitting form to "http://localhost:1080/cgi-bin/itinerary.pl", Target Frame=""  	[MsgId: MMSG-27978]
Action.c(158): Resource "http://localhost:1080/WebTours/images/cancelreservation.gif" is in the cache already and will not be downloaded again  	[MsgId: MMSG-26655]
Action.c(158): Resource "http://localhost:1080/WebTours/images/cancelallreservations.gif" is in the cache already and will not be downloaded again  	[MsgId: MMSG-26655]
Action.c(158): Error -26368: "Text=128002229" found for web_reg_find (count=1)  	[MsgId: MERR-26368]
End auto log messages stack.	[MsgId: MMSG-10544]


Start auto log messages stack - Iteration 4.	[MsgId: MMSG-10545]
Action.c(149): Registering web_reg_find was successful  	[MsgId: MMSG-26390]
Action.c(153): web_reg_find started  	[MsgId: MMSG-26355]
Action.c(153): Registering web_reg_find was successful  	[MsgId: MMSG-26390]
Action.c(158): web_submit_form("itinerary.pl") started  	[MsgId: MMSG-26355]
Action.c(158): Submitting form to "http://localhost:1080/cgi-bin/itinerary.pl", Target Frame=""  	[MsgId: MMSG-27978]
Action.c(158): Resource "http://localhost:1080/WebTours/images/cancelreservation.gif" is in the cache already and will not be downloaded again  	[MsgId: MMSG-26655]
Action.c(158): Resource "http://localhost:1080/WebTours/images/cancelallreservations.gif" is in the cache already and will not be downloaded again  	[MsgId: MMSG-26655]
Action.c(158): Error -26368: "Text=4122340" found for web_reg_find (count=1)  	[MsgId: MERR-26368]
End auto log messages stack.	[MsgId: MMSG-10544]


Start auto log messages stack - Iteration 4.	[MsgId: MMSG-10545]
Action.c(153): web_reg_find started  	[MsgId: MMSG-26355]
Action.c(153): Registering web_reg_find was successful  	[MsgId: MMSG-26390]
Action.c(158): web_submit_form("itinerary.pl") started  	[MsgId: MMSG-26355]
Action.c(158): Submitting form to "http://localhost:1080/cgi-bin/itinerary.pl", Target Frame=""  	[MsgId: MMSG-27978]
Action.c(158): Resource "http://localhost:1080/WebTours/images/cancelreservation.gif" is in the cache already and will not be downloaded again  	[MsgId: MMSG-26655]
Action.c(158): Resource "http://localhost:1080/WebTours/images/cancelallreservations.gif" is in the cache already and will not be downloaded again  	[MsgId: MMSG-26655]
Action.c(158): Registered web_reg_find successful for "Text=41440780"  	[MsgId: MMSG-26362]
Action.c(158): Error -26368: "Text=41397" found for web_reg_find (count=1)  	[MsgId: MERR-26368]
End auto log messages stack.	[MsgId: MMSG-10544]


Start auto log messages stack - Iteration 7.	[MsgId: MMSG-10545]
Action.c(149): Registering web_reg_find was successful  	[MsgId: MMSG-26390]
Action.c(153): web_reg_find started  	[MsgId: MMSG-26355]
Action.c(153): Registering web_reg_find was successful  	[MsgId: MMSG-26390]
Action.c(158): web_submit_form("itinerary.pl") started  	[MsgId: MMSG-26355]
Action.c(158): Submitting form to "http://localhost:1080/cgi-bin/itinerary.pl", Target Frame=""  	[MsgId: MMSG-27978]
Action.c(158): Resource "http://localhost:1080/WebTours/images/cancelreservation.gif" is in the cache already and will not be downloaded again  	[MsgId: MMSG-26655]
Action.c(158): Resource "http://localhost:1080/WebTours/images/cancelallreservations.gif" is in the cache already and will not be downloaded again  	[MsgId: MMSG-26655]
Action.c(158): Error -26368: "Text=4138190" found for web_reg_find (count=1)  	[MsgId: MERR-26368]
Action.c(158): Error -26368: "Text=4121239" found for web_reg_find (count=1)  	[MsgId: MERR-26368]
End auto log messages stack.	[MsgId: MMSG-10544]


Start auto log messages stack - Iteration 9.	[MsgId: MMSG-10545]
Action.c(149): Registering web_reg_find was successful  	[MsgId: MMSG-26390]
Action.c(153): web_reg_find started  	[MsgId: MMSG-26355]
Action.c(153): Registering web_reg_find was successful  	[MsgId: MMSG-26390]
Action.c(158): web_submit_form("itinerary.pl") started  	[MsgId: MMSG-26355]
Action.c(158): Submitting form to "http://localhost:1080/cgi-bin/itinerary.pl", Target Frame=""  	[MsgId: MMSG-27978]
Action.c(158): Resource "http://localhost:1080/WebTours/images/cancelreservation.gif" is in the cache already and will not be downloaded again  	[MsgId: MMSG-26655]
Action.c(158): Resource "http://localhost:1080/WebTours/images/cancelallreservations.gif" is in the cache already and will not be downloaded again  	[MsgId: MMSG-26655]
Action.c(158): Error -26368: "Text=413191" found for web_reg_find (count=1)  	[MsgId: MERR-26368]
End auto log messages stack.	[MsgId: MMSG-10544]


Start auto log messages stack - Iteration 12.	[MsgId: MMSG-10545]
Action.c(153): web_reg_find started  	[MsgId: MMSG-26355]
Action.c(153): Registering web_reg_find was successful  	[MsgId: MMSG-26390]
Action.c(158): web_submit_form("itinerary.pl") started  	[MsgId: MMSG-26355]
Action.c(158): Submitting form to "http://localhost:1080/cgi-bin/itinerary.pl", Target Frame=""  	[MsgId: MMSG-27978]
Action.c(158): Resource "http://localhost:1080/WebTours/images/cancelreservation.gif" is in the cache already and will not be downloaded again  	[MsgId: MMSG-26655]
Action.c(158): Resource "http://localhost:1080/WebTours/images/cancelallreservations.gif" is in the cache already and will not be downloaded again  	[MsgId: MMSG-26655]
Action.c(158): Registered web_reg_find successful for "Text=4136680"  	[MsgId: MMSG-26362]
Action.c(158): Error -26368: "Text=4133827" found for web_reg_find (count=1)  	[MsgId: MERR-26368]
End auto log messages stack.	[MsgId: MMSG-10544]


Start auto log messages stack - Iteration 14.	[MsgId: MMSG-10545]
Action.c(153): web_reg_find started  	[MsgId: MMSG-26355]
Action.c(153): Registering web_reg_find was successful  	[MsgId: MMSG-26390]
Action.c(158): web_submit_form("itinerary.pl") started  	[MsgId: MMSG-26355]
Action.c(158): Submitting form to "http://localhost:1080/cgi-bin/itinerary.pl", Target Frame=""  	[MsgId: MMSG-27978]
Action.c(158): Resource "http://localhost:1080/WebTours/images/cancelreservation.gif" is in the cache already and will not be downloaded again  	[MsgId: MMSG-26655]
Action.c(158): Resource "http://localhost:1080/WebTours/images/cancelallreservations.gif" is in the cache already and will not be downloaded again  	[MsgId: MMSG-26655]
Action.c(158): Registered web_reg_find successful for "Text=41474852"  	[MsgId: MMSG-26362]
Action.c(158): Error -26368: "Text=4133450" found for web_reg_find (count=1)  	[MsgId: MERR-26368]
End auto log messages stack.	[MsgId: MMSG-10544]


Start auto log messages stack - Iteration 11.	[MsgId: MMSG-10545]
Action.c(153): web_reg_find started  	[MsgId: MMSG-26355]
Action.c(153): Registering web_reg_find was successful  	[MsgId: MMSG-26390]
Action.c(158): web_submit_form("itinerary.pl") started  	[MsgId: MMSG-26355]
Action.c(158): Submitting form to "http://localhost:1080/cgi-bin/itinerary.pl", Target Frame=""  	[MsgId: MMSG-27978]
Action.c(158): Resource "http://localhost:1080/WebTours/images/cancelreservation.gif" is in the cache already and will not be downloaded again  	[MsgId: MMSG-26655]
Action.c(158): Resource "http://localhost:1080/WebTours/images/cancelallreservations.gif" is in the cache already and will not be downloaded again  	[MsgId: MMSG-26655]
Action.c(158): Registered web_reg_find successful for "Text=4111973"  	[MsgId: MMSG-26362]
Action.c(158): Error -26368: "Text=4137461" found for web_reg_find (count=1)  	[MsgId: MERR-26368]
End auto log messages stack.	[MsgId: MMSG-10544]


Start auto log messages stack - Iteration 14.	[MsgId: MMSG-10545]
Action.c(149): Registering web_reg_find was successful  	[MsgId: MMSG-26390]
Action.c(153): web_reg_find started  	[MsgId: MMSG-26355]
Action.c(153): Registering web_reg_find was successful  	[MsgId: MMSG-26390]
Action.c(158): web_submit_form("itinerary.pl") started  	[MsgId: MMSG-26355]
Action.c(158): Submitting form to "http://localhost:1080/cgi-bin/itinerary.pl", Target Frame=""  	[MsgId: MMSG-27978]
Action.c(158): Resource "http://localhost:1080/WebTours/images/cancelreservation.gif" is in the cache already and will not be downloaded again  	[MsgId: MMSG-26655]
Action.c(158): Resource "http://localhost:1080/WebTours/images/cancelallreservations.gif" is in the cache already and will not be downloaded again  	[MsgId: MMSG-26655]
Action.c(158): Error -26368: "Text=4127800" found for web_reg_find (count=1)  	[MsgId: MERR-26368]
End auto log messages stack.	[MsgId: MMSG-10544]


Start auto log messages stack - Iteration 18.	[MsgId: MMSG-10545]
Action.c(149): Registering web_reg_find was successful  	[MsgId: MMSG-26390]
Action.c(153): web_reg_find started  	[MsgId: MMSG-26355]
Action.c(153): Registering web_reg_find was successful  	[MsgId: MMSG-26390]
Action.c(158): web_submit_form("itinerary.pl") started  	[MsgId: MMSG-26355]
Action.c(158): Submitting form to "http://localhost:1080/cgi-bin/itinerary.pl", Target Frame=""  	[MsgId: MMSG-27978]
Action.c(158): Resource "http://localhost:1080/WebTours/images/cancelreservation.gif" is in the cache already and will not be downloaded again  	[MsgId: MMSG-26655]
Action.c(158): Resource "http://localhost:1080/WebTours/images/cancelallreservations.gif" is in the cache already and will not be downloaded again  	[MsgId: MMSG-26655]
Action.c(158): Error -26368: "Text=413936" found for web_reg_find (count=2)  	[MsgId: MERR-26368]
End auto log messages stack.	[MsgId: MMSG-10544]


Start auto log messages stack - Iteration 19.	[MsgId: MMSG-10545]
Action.c(153): web_reg_find started  	[MsgId: MMSG-26355]
Action.c(153): Registering web_reg_find was successful  	[MsgId: MMSG-26390]
Action.c(158): web_submit_form("itinerary.pl") started  	[MsgId: MMSG-26355]
Action.c(158): Submitting form to "http://localhost:1080/cgi-bin/itinerary.pl", Target Frame=""  	[MsgId: MMSG-27978]
Action.c(158): Resource "http://localhost:1080/WebTours/images/cancelreservation.gif" is in the cache already and will not be downloaded again  	[MsgId: MMSG-26655]
Action.c(158): Resource "http://localhost:1080/WebTours/images/cancelallreservations.gif" is in the cache already and will not be downloaded again  	[MsgId: MMSG-26655]
Action.c(158): Registered web_reg_find successful for "Text=4124821"  	[MsgId: MMSG-26362]
Action.c(158): Error -26368: "Text=4114495" found for web_reg_find (count=1)  	[MsgId: MERR-26368]
End auto log messages stack.	[MsgId: MMSG-10544]


Start auto log messages stack - Iteration 15.	[MsgId: MMSG-10545]
Action.c(149): Registering web_reg_find was successful  	[MsgId: MMSG-26390]
Action.c(153): web_reg_find started  	[MsgId: MMSG-26355]
Action.c(153): Registering web_reg_find was successful  	[MsgId: MMSG-26390]
Action.c(158): web_submit_form("itinerary.pl") started  	[MsgId: MMSG-26355]
Action.c(158): Submitting form to "http://localhost:1080/cgi-bin/itinerary.pl", Target Frame=""  	[MsgId: MMSG-27978]
Action.c(158): Resource "http://localhost:1080/WebTours/images/cancelreservation.gif" is in the cache already and will not be downloaded again  	[MsgId: MMSG-26655]
Action.c(158): Resource "http://localhost:1080/WebTours/images/cancelallreservations.gif" is in the cache already and will not be downloaded again  	[MsgId: MMSG-26655]
Action.c(158): Error -26368: "Text=4136323" found for web_reg_find (count=1)  	[MsgId: MERR-26368]
End auto log messages stack.	[MsgId: MMSG-10544]


Start auto log messages stack - Iteration 16.	[MsgId: MMSG-10545]
Action.c(153): web_reg_find started  	[MsgId: MMSG-26355]
Action.c(153): Registering web_reg_find was successful  	[MsgId: MMSG-26390]
Action.c(158): web_submit_form("itinerary.pl") started  	[MsgId: MMSG-26355]
Action.c(158): Submitting form to "http://localhost:1080/cgi-bin/itinerary.pl", Target Frame=""  	[MsgId: MMSG-27978]
Action.c(158): Resource "http://localhost:1080/WebTours/images/cancelreservation.gif" is in the cache already and will not be downloaded again  	[MsgId: MMSG-26655]
Action.c(158): Resource "http://localhost:1080/WebTours/images/cancelallreservations.gif" is in the cache already and will not be downloaded again  	[MsgId: MMSG-26655]
Action.c(158): Registered web_reg_find successful for "Text=4116374"  	[MsgId: MMSG-26362]
Action.c(158): Error -26368: "Text=1280204" found for web_reg_find (count=1)  	[MsgId: MERR-26368]
End auto log messages stack.	[MsgId: MMSG-10544]


Start auto log messages stack - Iteration 17.	[MsgId: MMSG-10545]
Action.c(149): Registering web_reg_find was successful  	[MsgId: MMSG-26390]
Action.c(153): web_reg_find started  	[MsgId: MMSG-26355]
Action.c(153): Registering web_reg_find was successful  	[MsgId: MMSG-26390]
Action.c(158): web_submit_form("itinerary.pl") started  	[MsgId: MMSG-26355]
Action.c(158): Submitting form to "http://localhost:1080/cgi-bin/itinerary.pl", Target Frame=""  	[MsgId: MMSG-27978]
Action.c(158): Resource "http://localhost:1080/WebTours/images/cancelreservation.gif" is in the cache already and will not be downloaded again  	[MsgId: MMSG-26655]
Action.c(158): Resource "http://localhost:1080/WebTours/images/cancelallreservations.gif" is in the cache already and will not be downloaded again  	[MsgId: MMSG-26655]
Action.c(158): Error -26368: "Text=4121932" found for web_reg_find (count=1)  	[MsgId: MERR-26368]
End auto log messages stack.	[MsgId: MMSG-10544]


Start auto log messages stack - Iteration 20.	[MsgId: MMSG-10545]
Action.c(153): web_reg_find started  	[MsgId: MMSG-26355]
Action.c(153): Registering web_reg_find was successful  	[MsgId: MMSG-26390]
Action.c(158): web_submit_form("itinerary.pl") started  	[MsgId: MMSG-26355]
Action.c(158): Submitting form to "http://localhost:1080/cgi-bin/itinerary.pl", Target Frame=""  	[MsgId: MMSG-27978]
Action.c(158): Resource "http://localhost:1080/WebTours/images/cancelreservation.gif" is in the cache already and will not be downloaded again  	[MsgId: MMSG-26655]
Action.c(158): Resource "http://localhost:1080/WebTours/images/cancelallreservations.gif" is in the cache already and will not be downloaded again  	[MsgId: MMSG-26655]
Action.c(158): Registered web_reg_find successful for "Text=128014494"  	[MsgId: MMSG-26362]
Action.c(158): Error -26368: "Text=4127053" found for web_reg_find (count=1)  	[MsgId: MERR-26368]
End auto log messages stack.	[MsgId: MMSG-10544]


Start auto log messages stack - Iteration 26.	[MsgId: MMSG-10545]
Action.c(149): Registering web_reg_find was successful  	[MsgId: MMSG-26390]
Action.c(153): web_reg_find started  	[MsgId: MMSG-26355]
Action.c(153): Registering web_reg_find was successful  	[MsgId: MMSG-26390]
Action.c(158): web_submit_form("itinerary.pl") started  	[MsgId: MMSG-26355]
Action.c(158): Submitting form to "http://localhost:1080/cgi-bin/itinerary.pl", Target Frame=""  	[MsgId: MMSG-27978]
Action.c(158): Resource "http://localhost:1080/WebTours/images/cancelreservation.gif" is in the cache already and will not be downloaded again  	[MsgId: MMSG-26655]
Action.c(158): Resource "http://localhost:1080/WebTours/images/cancelallreservations.gif" is in the cache already and will not be downloaded again  	[MsgId: MMSG-26655]
Action.c(158): Error -26368: "Text=4143396" found for web_reg_find (count=1)  	[MsgId: MERR-26368]
End auto log messages stack.	[MsgId: MMSG-10544]


Start auto log messages stack - Iteration 25.	[MsgId: MMSG-10545]
Action.c(153): web_reg_find started  	[MsgId: MMSG-26355]
Action.c(153): Registering web_reg_find was successful  	[MsgId: MMSG-26390]
Action.c(158): web_submit_form("itinerary.pl") started  	[MsgId: MMSG-26355]
Action.c(158): Submitting form to "http://localhost:1080/cgi-bin/itinerary.pl", Target Frame=""  	[MsgId: MMSG-27978]
Action.c(158): Resource "http://localhost:1080/WebTours/images/cancelreservation.gif" is in the cache already and will not be downloaded again  	[MsgId: MMSG-26655]
Action.c(158): Resource "http://localhost:1080/WebTours/images/cancelallreservations.gif" is in the cache already and will not be downloaded again  	[MsgId: MMSG-26655]
Action.c(158): Registered web_reg_find successful for "Text=41397"  	[MsgId: MMSG-26362]
Action.c(158): Error -26368: "Text=41178188" found for web_reg_find (count=1)  	[MsgId: MERR-26368]
End auto log messages stack.	[MsgId: MMSG-10544]


Start auto log messages stack - Iteration 28.	[MsgId: MMSG-10545]
Action.c(149): Registering web_reg_find was successful  	[MsgId: MMSG-26390]
Action.c(153): web_reg_find started  	[MsgId: MMSG-26355]
Action.c(153): Registering web_reg_find was successful  	[MsgId: MMSG-26390]
Action.c(158): web_submit_form("itinerary.pl") started  	[MsgId: MMSG-26355]
Action.c(158): Submitting form to "http://localhost:1080/cgi-bin/itinerary.pl", Target Frame=""  	[MsgId: MMSG-27978]
Action.c(158): Resource "http://localhost:1080/WebTours/images/cancelreservation.gif" is in the cache already and will not be downloaded again  	[MsgId: MMSG-26655]
Action.c(158): Resource "http://localhost:1080/WebTours/images/cancelallreservations.gif" is in the cache already and will not be downloaded again  	[MsgId: MMSG-26655]
Action.c(158): Error -26368: "Text=4134944" found for web_reg_find (count=1)  	[MsgId: MERR-26368]
End auto log messages stack.	[MsgId: MMSG-10544]


Start auto log messages stack - Iteration 24.	[MsgId: MMSG-10545]
Action.c(153): web_reg_find started  	[MsgId: MMSG-26355]
Action.c(153): Registering web_reg_find was successful  	[MsgId: MMSG-26390]
Action.c(158): web_submit_form("itinerary.pl") started  	[MsgId: MMSG-26355]
Action.c(158): Submitting form to "http://localhost:1080/cgi-bin/itinerary.pl", Target Frame=""  	[MsgId: MMSG-27978]
Action.c(158): Resource "http://localhost:1080/WebTours/images/cancelreservation.gif" is in the cache already and will not be downloaded again  	[MsgId: MMSG-26655]
Action.c(158): Resource "http://localhost:1080/WebTours/images/cancelallreservations.gif" is in the cache already and will not be downloaded again  	[MsgId: MMSG-26655]
Action.c(158): Registered web_reg_find successful for "Text=41274"  	[MsgId: MMSG-26362]
Action.c(158): Error -26368: "Text=4136680" found for web_reg_find (count=1)  	[MsgId: MERR-26368]
End auto log messages stack.	[MsgId: MMSG-10544]


Start auto log messages stack - Iteration 29.	[MsgId: MMSG-10545]
Action.c(153): web_reg_find started  	[MsgId: MMSG-26355]
Action.c(153): Registering web_reg_find was successful  	[MsgId: MMSG-26390]
Action.c(158): web_submit_form("itinerary.pl") started  	[MsgId: MMSG-26355]
Action.c(158): Submitting form to "http://localhost:1080/cgi-bin/itinerary.pl", Target Frame=""  	[MsgId: MMSG-27978]
Action.c(158): Resource "http://localhost:1080/WebTours/images/cancelreservation.gif" is in the cache already and will not be downloaded again  	[MsgId: MMSG-26655]
Action.c(158): Resource "http://localhost:1080/WebTours/images/cancelallreservations.gif" is in the cache already and will not be downloaded again  	[MsgId: MMSG-26655]
Action.c(158): Registered web_reg_find successful for "Text=4121858"  	[MsgId: MMSG-26362]
Action.c(158): Error -26368: "Text=41411156" found for web_reg_find (count=1)  	[MsgId: MERR-26368]
End auto log messages stack.	[MsgId: MMSG-10544]


Start auto log messages stack - Iteration 32.	[MsgId: MMSG-10545]
Action.c(149): Registering web_reg_find was successful  	[MsgId: MMSG-26390]
Action.c(153): web_reg_find started  	[MsgId: MMSG-26355]
Action.c(153): Registering web_reg_find was successful  	[MsgId: MMSG-26390]
Action.c(158): web_submit_form("itinerary.pl") started  	[MsgId: MMSG-26355]
Action.c(158): Submitting form to "http://localhost:1080/cgi-bin/itinerary.pl", Target Frame=""  	[MsgId: MMSG-27978]
Action.c(158): Resource "http://localhost:1080/WebTours/images/cancelreservation.gif" is in the cache already and will not be downloaded again  	[MsgId: MMSG-26655]
Action.c(158): Resource "http://localhost:1080/WebTours/images/cancelallreservations.gif" is in the cache already and will not be downloaded again  	[MsgId: MMSG-26655]
Action.c(158): Error -26368: "Text=4142622" found for web_reg_find (count=1)  	[MsgId: MERR-26368]
End auto log messages stack.	[MsgId: MMSG-10544]


Start auto log messages stack - Iteration 38.	[MsgId: MMSG-10545]
Action.c(149): Registering web_reg_find was successful  	[MsgId: MMSG-26390]
Action.c(153): web_reg_find started  	[MsgId: MMSG-26355]
Action.c(153): Registering web_reg_find was successful  	[MsgId: MMSG-26390]
Action.c(158): web_submit_form("itinerary.pl") started  	[MsgId: MMSG-26355]
Action.c(158): Submitting form to "http://localhost:1080/cgi-bin/itinerary.pl", Target Frame=""  	[MsgId: MMSG-27978]
Action.c(158): Resource "http://localhost:1080/WebTours/images/cancelreservation.gif" is in the cache already and will not be downloaded again  	[MsgId: MMSG-26655]
Action.c(158): Resource "http://localhost:1080/WebTours/images/cancelallreservations.gif" is in the cache already and will not be downloaded again  	[MsgId: MMSG-26655]
Action.c(158): Error -26368: "Text=4112340" found for web_reg_find (count=1)  	[MsgId: MERR-26368]
End auto log messages stack.	[MsgId: MMSG-10544]


Start auto log messages stack - Iteration 37.	[MsgId: MMSG-10545]
Action.c(153): web_reg_find started  	[MsgId: MMSG-26355]
Action.c(153): Registering web_reg_find was successful  	[MsgId: MMSG-26390]
Action.c(158): web_submit_form("itinerary.pl") started  	[MsgId: MMSG-26355]
Action.c(158): Submitting form to "http://localhost:1080/cgi-bin/itinerary.pl", Target Frame=""  	[MsgId: MMSG-27978]
Action.c(158): Resource "http://localhost:1080/WebTours/images/cancelreservation.gif" is in the cache already and will not be downloaded again  	[MsgId: MMSG-26655]
Action.c(158): Resource "http://localhost:1080/WebTours/images/cancelallreservations.gif" is in the cache already and will not be downloaded again  	[MsgId: MMSG-26655]
Action.c(158): Registered web_reg_find successful for "Text=128003064"  	[MsgId: MMSG-26362]
Action.c(158): Error -26368: "Text=4125974" found for web_reg_find (count=1)  	[MsgId: MERR-26368]
End auto log messages stack.	[MsgId: MMSG-10544]


Start auto log messages stack - Iteration 35.	[MsgId: MMSG-10545]
Action.c(149): Registering web_reg_find was successful  	[MsgId: MMSG-26390]
Action.c(153): web_reg_find started  	[MsgId: MMSG-26355]
Action.c(153): Registering web_reg_find was successful  	[MsgId: MMSG-26390]
Action.c(158): web_submit_form("itinerary.pl") started  	[MsgId: MMSG-26355]
Action.c(158): Submitting form to "http://localhost:1080/cgi-bin/itinerary.pl", Target Frame=""  	[MsgId: MMSG-27978]
Action.c(158): Resource "http://localhost:1080/WebTours/images/cancelreservation.gif" is in the cache already and will not be downloaded again  	[MsgId: MMSG-26655]
Action.c(158): Resource "http://localhost:1080/WebTours/images/cancelallreservations.gif" is in the cache already and will not be downloaded again  	[MsgId: MMSG-26655]
Action.c(158): Error -26368: "Text=4134095" found for web_reg_find (count=1)  	[MsgId: MERR-26368]
End auto log messages stack.	[MsgId: MMSG-10544]


Start auto log messages stack - Iteration 40.	[MsgId: MMSG-10545]
Action.c(149): Registering web_reg_find was successful  	[MsgId: MMSG-26390]
Action.c(153): web_reg_find started  	[MsgId: MMSG-26355]
Action.c(153): Registering web_reg_find was successful  	[MsgId: MMSG-26390]
Action.c(158): web_submit_form("itinerary.pl") started  	[MsgId: MMSG-26355]
Action.c(158): Submitting form to "http://localhost:1080/cgi-bin/itinerary.pl", Target Frame=""  	[MsgId: MMSG-27978]
Action.c(158): Resource "http://localhost:1080/WebTours/images/cancelreservation.gif" is in the cache already and will not be downloaded again  	[MsgId: MMSG-26655]
Action.c(158): Resource "http://localhost:1080/WebTours/images/cancelallreservations.gif" is in the cache already and will not be downloaded again  	[MsgId: MMSG-26655]
Action.c(158): Error -26368: "Text=413929" found for web_reg_find (count=1)  	[MsgId: MERR-26368]
End auto log messages stack.	[MsgId: MMSG-10544]


Start auto log messages stack - Iteration 41.	[MsgId: MMSG-10545]
Action.c(149): Registering web_reg_find was successful  	[MsgId: MMSG-26390]
Action.c(153): web_reg_find started  	[MsgId: MMSG-26355]
Action.c(153): Registering web_reg_find was successful  	[MsgId: MMSG-26390]
Action.c(158): web_submit_form("itinerary.pl") started  	[MsgId: MMSG-26355]
Action.c(158): Submitting form to "http://localhost:1080/cgi-bin/itinerary.pl", Target Frame=""  	[MsgId: MMSG-27978]
Action.c(158): Resource "http://localhost:1080/WebTours/images/cancelreservation.gif" is in the cache already and will not be downloaded again  	[MsgId: MMSG-26655]
Action.c(158): Resource "http://localhost:1080/WebTours/images/cancelallreservations.gif" is in the cache already and will not be downloaded again  	[MsgId: MMSG-26655]
Action.c(158): Error -26368: "Text=4113788" found for web_reg_find (count=1)  	[MsgId: MERR-26368]
End auto log messages stack.	[MsgId: MMSG-10544]


Start auto log messages stack - Iteration 44.	[MsgId: MMSG-10545]
Action.c(149): Registering web_reg_find was successful  	[MsgId: MMSG-26390]
Action.c(153): web_reg_find started  	[MsgId: MMSG-26355]
Action.c(153): Registering web_reg_find was successful  	[MsgId: MMSG-26390]
Action.c(158): web_submit_form("itinerary.pl") started  	[MsgId: MMSG-26355]
Action.c(158): Submitting form to "http://localhost:1080/cgi-bin/itinerary.pl", Target Frame=""  	[MsgId: MMSG-27978]
Action.c(158): Resource "http://localhost:1080/WebTours/images/cancelreservation.gif" is in the cache already and will not be downloaded again  	[MsgId: MMSG-26655]
Action.c(158): Resource "http://localhost:1080/WebTours/images/cancelallreservations.gif" is in the cache already and will not be downloaded again  	[MsgId: MMSG-26655]
Action.c(158): Error -26368: "Text=4140063" found for web_reg_find (count=1)  	[MsgId: MERR-26368]
Action.c(158): Error -26368: "Text=41478" found for web_reg_find (count=1)  	[MsgId: MERR-26368]
End auto log messages stack.	[MsgId: MMSG-10544]


Start auto log messages stack - Iteration 45.	[MsgId: MMSG-10545]
Action.c(149): Registering web_reg_find was successful  	[MsgId: MMSG-26390]
Action.c(153): web_reg_find started  	[MsgId: MMSG-26355]
Action.c(153): Registering web_reg_find was successful  	[MsgId: MMSG-26390]
Action.c(158): web_submit_form("itinerary.pl") started  	[MsgId: MMSG-26355]
Action.c(158): Submitting form to "http://localhost:1080/cgi-bin/itinerary.pl", Target Frame=""  	[MsgId: MMSG-27978]
Action.c(158): Resource "http://localhost:1080/WebTours/images/cancelreservation.gif" is in the cache already and will not be downloaded again  	[MsgId: MMSG-26655]
Action.c(158): Resource "http://localhost:1080/WebTours/images/cancelallreservations.gif" is in the cache already and will not be downloaded again  	[MsgId: MMSG-26655]
Action.c(158): Error -26368: "Text=4122231" found for web_reg_find (count=1)  	[MsgId: MERR-26368]
End auto log messages stack.	[MsgId: MMSG-10544]


Start auto log messages stack - Iteration 47.	[MsgId: MMSG-10545]
Action.c(149): Registering web_reg_find was successful  	[MsgId: MMSG-26390]
Action.c(153): web_reg_find started  	[MsgId: MMSG-26355]
Action.c(153): Registering web_reg_find was successful  	[MsgId: MMSG-26390]
Action.c(158): web_submit_form("itinerary.pl") started  	[MsgId: MMSG-26355]
Action.c(158): Submitting form to "http://localhost:1080/cgi-bin/itinerary.pl", Target Frame=""  	[MsgId: MMSG-27978]
Action.c(158): Resource "http://localhost:1080/WebTours/images/cancelreservation.gif" is in the cache already and will not be downloaded again  	[MsgId: MMSG-26655]
Action.c(158): Resource "http://localhost:1080/WebTours/images/cancelallreservations.gif" is in the cache already and will not be downloaded again  	[MsgId: MMSG-26655]
Action.c(158): Error -26368: "Text=4145967" found for web_reg_find (count=1)  	[MsgId: MERR-26368]
End auto log messages stack.	[MsgId: MMSG-10544]


Start auto log messages stack - Iteration 49.	[MsgId: MMSG-10545]
Action.c(153): web_reg_find started  	[MsgId: MMSG-26355]
Action.c(153): Registering web_reg_find was successful  	[MsgId: MMSG-26390]
Action.c(158): web_submit_form("itinerary.pl") started  	[MsgId: MMSG-26355]
Action.c(158): Submitting form to "http://localhost:1080/cgi-bin/itinerary.pl", Target Frame=""  	[MsgId: MMSG-27978]
Action.c(158): Resource "http://localhost:1080/WebTours/images/cancelreservation.gif" is in the cache already and will not be downloaded again  	[MsgId: MMSG-26655]
Action.c(158): Resource "http://localhost:1080/WebTours/images/cancelallreservations.gif" is in the cache already and will not be downloaded again  	[MsgId: MMSG-26655]
Action.c(158): Registered web_reg_find successful for "Text=12801569"  	[MsgId: MMSG-26362]
Action.c(158): Error -26368: "Text=4140386" found for web_reg_find (count=1)  	[MsgId: MERR-26368]
End auto log messages stack.	[MsgId: MMSG-10544]


Start auto log messages stack - Iteration 56.	[MsgId: MMSG-10545]
Action.c(149): Registering web_reg_find was successful  	[MsgId: MMSG-26390]
Action.c(153): web_reg_find started  	[MsgId: MMSG-26355]
Action.c(153): Registering web_reg_find was successful  	[MsgId: MMSG-26390]
Action.c(158): web_submit_form("itinerary.pl") started  	[MsgId: MMSG-26355]
Action.c(158): Submitting form to "http://localhost:1080/cgi-bin/itinerary.pl", Target Frame=""  	[MsgId: MMSG-27978]
Action.c(158): Resource "http://localhost:1080/WebTours/images/cancelreservation.gif" is in the cache already and will not be downloaded again  	[MsgId: MMSG-26655]
Action.c(158): Resource "http://localhost:1080/WebTours/images/cancelallreservations.gif" is in the cache already and will not be downloaded again  	[MsgId: MMSG-26655]
Action.c(158): Error -26368: "Text=41178188" found for web_reg_find (count=1)  	[MsgId: MERR-26368]
End auto log messages stack.	[MsgId: MMSG-10544]


Start auto log messages stack - Iteration 54.	[MsgId: MMSG-10545]
Action.c(149): Registering web_reg_find was successful  	[MsgId: MMSG-26390]
Action.c(153): web_reg_find started  	[MsgId: MMSG-26355]
Action.c(153): Registering web_reg_find was successful  	[MsgId: MMSG-26390]
Action.c(158): web_submit_form("itinerary.pl") started  	[MsgId: MMSG-26355]
Action.c(158): Submitting form to "http://localhost:1080/cgi-bin/itinerary.pl", Target Frame=""  	[MsgId: MMSG-27978]
Action.c(158): Resource "http://localhost:1080/WebTours/images/cancelreservation.gif" is in the cache already and will not be downloaded again  	[MsgId: MMSG-26655]
Action.c(158): Resource "http://localhost:1080/WebTours/images/cancelallreservations.gif" is in the cache already and will not be downloaded again  	[MsgId: MMSG-26655]
Action.c(158): Error -26368: "Text=4116374" found for web_reg_find (count=1)  	[MsgId: MERR-26368]
Action.c(158): Error -26368: "Text=4134837" found for web_reg_find (count=1)  	[MsgId: MERR-26368]
End auto log messages stack.	[MsgId: MMSG-10544]


Start auto log messages stack - Iteration 57.	[MsgId: MMSG-10545]
Action.c(149): Registering web_reg_find was successful  	[MsgId: MMSG-26390]
Action.c(153): web_reg_find started  	[MsgId: MMSG-26355]
Action.c(153): Registering web_reg_find was successful  	[MsgId: MMSG-26390]
Action.c(158): web_submit_form("itinerary.pl") started  	[MsgId: MMSG-26355]
Action.c(158): Submitting form to "http://localhost:1080/cgi-bin/itinerary.pl", Target Frame=""  	[MsgId: MMSG-27978]
Action.c(158): Resource "http://localhost:1080/WebTours/images/cancelreservation.gif" is in the cache already and will not be downloaded again  	[MsgId: MMSG-26655]
Action.c(158): Resource "http://localhost:1080/WebTours/images/cancelallreservations.gif" is in the cache already and will not be downloaded again  	[MsgId: MMSG-26655]
Action.c(158): Error -26368: "Text=41152" found for web_reg_find (count=2)  	[MsgId: MERR-26368]
End auto log messages stack.	[MsgId: MMSG-10544]


Start auto log messages stack - Iteration 61.	[MsgId: MMSG-10545]
Action.c(153): web_reg_find started  	[MsgId: MMSG-26355]
Action.c(153): Registering web_reg_find was successful  	[MsgId: MMSG-26390]
Action.c(158): web_submit_form("itinerary.pl") started  	[MsgId: MMSG-26355]
Action.c(158): Submitting form to "http://localhost:1080/cgi-bin/itinerary.pl", Target Frame=""  	[MsgId: MMSG-27978]
Action.c(158): Resource "http://localhost:1080/WebTours/images/cancelreservation.gif" is in the cache already and will not be downloaded again  	[MsgId: MMSG-26655]
Action.c(158): Resource "http://localhost:1080/WebTours/images/cancelallreservations.gif" is in the cache already and will not be downloaded again  	[MsgId: MMSG-26655]
Action.c(158): Registered web_reg_find successful for "Text=128011525"  	[MsgId: MMSG-26362]
Action.c(158): Error -26368: "Text=41478" found for web_reg_find (count=3)  	[MsgId: MERR-26368]
End auto log messages stack.	[MsgId: MMSG-10544]


Start auto log messages stack - Iteration 58.	[MsgId: MMSG-10545]
Action.c(149): Registering web_reg_find was successful  	[MsgId: MMSG-26390]
Action.c(153): web_reg_find started  	[MsgId: MMSG-26355]
Action.c(153): Registering web_reg_find was successful  	[MsgId: MMSG-26390]
Action.c(158): web_submit_form("itinerary.pl") started  	[MsgId: MMSG-26355]
Action.c(158): Submitting form to "http://localhost:1080/cgi-bin/itinerary.pl", Target Frame=""  	[MsgId: MMSG-27978]
Action.c(158): Resource "http://localhost:1080/WebTours/images/cancelreservation.gif" is in the cache already and will not be downloaded again  	[MsgId: MMSG-26655]
Action.c(158): Resource "http://localhost:1080/WebTours/images/cancelallreservations.gif" is in the cache already and will not be downloaded again  	[MsgId: MMSG-26655]
Action.c(158): Error -26368: "Text=4132980" found for web_reg_find (count=1)  	[MsgId: MERR-26368]
Action.c(158): Error -26368: "Text=12802484" found for web_reg_find (count=1)  	[MsgId: MERR-26368]
End auto log messages stack.	[MsgId: MMSG-10544]


Start auto log messages stack - Iteration 64.	[MsgId: MMSG-10545]
Action.c(153): web_reg_find started  	[MsgId: MMSG-26355]
Action.c(153): Registering web_reg_find was successful  	[MsgId: MMSG-26390]
Action.c(158): web_submit_form("itinerary.pl") started  	[MsgId: MMSG-26355]
Action.c(158): Submitting form to "http://localhost:1080/cgi-bin/itinerary.pl", Target Frame=""  	[MsgId: MMSG-27978]
Action.c(158): Resource "http://localhost:1080/WebTours/images/cancelreservation.gif" is in the cache already and will not be downloaded again  	[MsgId: MMSG-26655]
Action.c(158): Resource "http://localhost:1080/WebTours/images/cancelallreservations.gif" is in the cache already and will not be downloaded again  	[MsgId: MMSG-26655]
Action.c(158): Registered web_reg_find successful for "Text=4128575"  	[MsgId: MMSG-26362]
Action.c(158): Error -26368: "Text=4146005" found for web_reg_find (count=1)  	[MsgId: MERR-26368]
End auto log messages stack.	[MsgId: MMSG-10544]


Start auto log messages stack - Iteration 66.	[MsgId: MMSG-10545]
Action.c(149): Registering web_reg_find was successful  	[MsgId: MMSG-26390]
Action.c(153): web_reg_find started  	[MsgId: MMSG-26355]
Action.c(153): Registering web_reg_find was successful  	[MsgId: MMSG-26390]
Action.c(158): web_submit_form("itinerary.pl") started  	[MsgId: MMSG-26355]
Action.c(158): Submitting form to "http://localhost:1080/cgi-bin/itinerary.pl", Target Frame=""  	[MsgId: MMSG-27978]
Action.c(158): Resource "http://localhost:1080/WebTours/images/cancelreservation.gif" is in the cache already and will not be downloaded again  	[MsgId: MMSG-26655]
Action.c(158): Resource "http://localhost:1080/WebTours/images/cancelallreservations.gif" is in the cache already and will not be downloaded again  	[MsgId: MMSG-26655]
Action.c(158): Error -26368: "Text=41356" found for web_reg_find (count=1)  	[MsgId: MERR-26368]
End auto log messages stack.	[MsgId: MMSG-10544]


Start auto log messages stack - Iteration 67.	[MsgId: MMSG-10545]
Action.c(149): Registering web_reg_find was successful  	[MsgId: MMSG-26390]
Action.c(153): web_reg_find started  	[MsgId: MMSG-26355]
Action.c(153): Registering web_reg_find was successful  	[MsgId: MMSG-26390]
Action.c(158): web_submit_form("itinerary.pl") started  	[MsgId: MMSG-26355]
Action.c(158): Submitting form to "http://localhost:1080/cgi-bin/itinerary.pl", Target Frame=""  	[MsgId: MMSG-27978]
Action.c(158): Resource "http://localhost:1080/WebTours/images/cancelreservation.gif" is in the cache already and will not be downloaded again  	[MsgId: MMSG-26655]
Action.c(158): Resource "http://localhost:1080/WebTours/images/cancelallreservations.gif" is in the cache already and will not be downloaded again  	[MsgId: MMSG-26655]
Action.c(158): Error -26368: "Text=41152" found for web_reg_find (count=1)  	[MsgId: MERR-26368]
End auto log messages stack.	[MsgId: MMSG-10544]


Start auto log messages stack - Iteration 68.	[MsgId: MMSG-10545]
Action.c(149): Registering web_reg_find was successful  	[MsgId: MMSG-26390]
Action.c(153): web_reg_find started  	[MsgId: MMSG-26355]
Action.c(153): Registering web_reg_find was successful  	[MsgId: MMSG-26390]
Action.c(158): web_submit_form("itinerary.pl") started  	[MsgId: MMSG-26355]
Action.c(158): Submitting form to "http://localhost:1080/cgi-bin/itinerary.pl", Target Frame=""  	[MsgId: MMSG-27978]
Action.c(158): Resource "http://localhost:1080/WebTours/images/cancelreservation.gif" is in the cache already and will not be downloaded again  	[MsgId: MMSG-26655]
Action.c(158): Resource "http://localhost:1080/WebTours/images/cancelallreservations.gif" is in the cache already and will not be downloaded again  	[MsgId: MMSG-26655]
Action.c(158): Error -26368: "Text=4128244" found for web_reg_find (count=1)  	[MsgId: MERR-26368]
End auto log messages stack.	[MsgId: MMSG-10544]


Start auto log messages stack - Iteration 64.	[MsgId: MMSG-10545]
Action.c(149): Registering web_reg_find was successful  	[MsgId: MMSG-26390]
Action.c(153): web_reg_find started  	[MsgId: MMSG-26355]
Action.c(153): Registering web_reg_find was successful  	[MsgId: MMSG-26390]
Action.c(158): web_submit_form("itinerary.pl") started  	[MsgId: MMSG-26355]
Action.c(158): Submitting form to "http://localhost:1080/cgi-bin/itinerary.pl", Target Frame=""  	[MsgId: MMSG-27978]
Action.c(158): Resource "http://localhost:1080/WebTours/images/cancelreservation.gif" is in the cache already and will not be downloaded again  	[MsgId: MMSG-26655]
Action.c(158): Resource "http://localhost:1080/WebTours/images/cancelallreservations.gif" is in the cache already and will not be downloaded again  	[MsgId: MMSG-26655]
Action.c(158): Error -26368: "Text=41477" found for web_reg_find (count=1)  	[MsgId: MERR-26368]
End auto log messages stack.	[MsgId: MMSG-10544]


Start auto log messages stack - Iteration 67.	[MsgId: MMSG-10545]
Action.c(149): Registering web_reg_find was successful  	[MsgId: MMSG-26390]
Action.c(153): web_reg_find started  	[MsgId: MMSG-26355]
Action.c(153): Registering web_reg_find was successful  	[MsgId: MMSG-26390]
Action.c(158): web_submit_form("itinerary.pl") started  	[MsgId: MMSG-26355]
Action.c(158): Submitting form to "http://localhost:1080/cgi-bin/itinerary.pl", Target Frame=""  	[MsgId: MMSG-27978]
Action.c(158): Resource "http://localhost:1080/WebTours/images/cancelreservation.gif" is in the cache already and will not be downloaded again  	[MsgId: MMSG-26655]
Action.c(158): Resource "http://localhost:1080/WebTours/images/cancelallreservations.gif" is in the cache already and will not be downloaded again  	[MsgId: MMSG-26655]
Action.c(158): Error -26368: "Text=41437" found for web_reg_find (count=1)  	[MsgId: MERR-26368]
End auto log messages stack.	[MsgId: MMSG-10544]


Start auto log messages stack - Iteration 68.	[MsgId: MMSG-10545]
Action.c(149): Registering web_reg_find was successful  	[MsgId: MMSG-26390]
Action.c(153): web_reg_find started  	[MsgId: MMSG-26355]
Action.c(153): Registering web_reg_find was successful  	[MsgId: MMSG-26390]
Action.c(158): web_submit_form("itinerary.pl") started  	[MsgId: MMSG-26355]
Action.c(158): Submitting form to "http://localhost:1080/cgi-bin/itinerary.pl", Target Frame=""  	[MsgId: MMSG-27978]
Action.c(158): Resource "http://localhost:1080/WebTours/images/cancelreservation.gif" is in the cache already and will not be downloaded again  	[MsgId: MMSG-26655]
Action.c(158): Resource "http://localhost:1080/WebTours/images/cancelallreservations.gif" is in the cache already and will not be downloaded again  	[MsgId: MMSG-26655]
Action.c(158): Error -26368: "Text=4113788" found for web_reg_find (count=1)  	[MsgId: MERR-26368]
End auto log messages stack.	[MsgId: MMSG-10544]


Start auto log messages stack - Iteration 72.	[MsgId: MMSG-10545]
Action.c(149): Registering web_reg_find was successful  	[MsgId: MMSG-26390]
Action.c(153): web_reg_find started  	[MsgId: MMSG-26355]
Action.c(153): Registering web_reg_find was successful  	[MsgId: MMSG-26390]
Action.c(158): web_submit_form("itinerary.pl") started  	[MsgId: MMSG-26355]
Action.c(158): Submitting form to "http://localhost:1080/cgi-bin/itinerary.pl", Target Frame=""  	[MsgId: MMSG-27978]
Action.c(158): Resource "http://localhost:1080/WebTours/images/cancelreservation.gif" is in the cache already and will not be downloaded again  	[MsgId: MMSG-26655]
Action.c(158): Resource "http://localhost:1080/WebTours/images/cancelallreservations.gif" is in the cache already and will not be downloaded again  	[MsgId: MMSG-26655]
Action.c(158): Error -26368: "Text=41478" found for web_reg_find (count=1)  	[MsgId: MERR-26368]
Action.c(158): Error -26368: "Text=41478" found for web_reg_find (count=1)  	[MsgId: MERR-26368]
End auto log messages stack.	[MsgId: MMSG-10544]


Start auto log messages stack - Iteration 73.	[MsgId: MMSG-10545]
Action.c(149): Registering web_reg_find was successful  	[MsgId: MMSG-26390]
Action.c(153): web_reg_find started  	[MsgId: MMSG-26355]
Action.c(153): Registering web_reg_find was successful  	[MsgId: MMSG-26390]
Action.c(158): web_submit_form("itinerary.pl") started  	[MsgId: MMSG-26355]
Action.c(158): Submitting form to "http://localhost:1080/cgi-bin/itinerary.pl", Target Frame=""  	[MsgId: MMSG-27978]
Action.c(158): Resource "http://localhost:1080/WebTours/images/cancelreservation.gif" is in the cache already and will not be downloaded again  	[MsgId: MMSG-26655]
Action.c(158): Resource "http://localhost:1080/WebTours/images/cancelallreservations.gif" is in the cache already and will not be downloaded again  	[MsgId: MMSG-26655]
Action.c(158): Error -26368: "Text=41423376" found for web_reg_find (count=1)  	[MsgId: MERR-26368]
Action.c(158): Error -26368: "Text=4120004" found for web_reg_find (count=1)  	[MsgId: MERR-26368]
End auto log messages stack.	[MsgId: MMSG-10544]


Start auto log messages stack - Iteration 74.	[MsgId: MMSG-10545]
Action.c(153): web_reg_find started  	[MsgId: MMSG-26355]
Action.c(153): Registering web_reg_find was successful  	[MsgId: MMSG-26390]
Action.c(158): web_submit_form("itinerary.pl") started  	[MsgId: MMSG-26355]
Action.c(158): Submitting form to "http://localhost:1080/cgi-bin/itinerary.pl", Target Frame=""  	[MsgId: MMSG-27978]
Action.c(158): Resource "http://localhost:1080/WebTours/images/cancelreservation.gif" is in the cache already and will not be downloaded again  	[MsgId: MMSG-26655]
Action.c(158): Resource "http://localhost:1080/WebTours/images/cancelallreservations.gif" is in the cache already and will not be downloaded again  	[MsgId: MMSG-26655]
Action.c(158): Registered web_reg_find successful for "Text=41290043"  	[MsgId: MMSG-26362]
Action.c(158): Error -26368: "Text=4113082" found for web_reg_find (count=1)  	[MsgId: MERR-26368]
End auto log messages stack.	[MsgId: MMSG-10544]


Start auto log messages stack - Iteration 78.	[MsgId: MMSG-10545]
Action.c(149): Registering web_reg_find was successful  	[MsgId: MMSG-26390]
Action.c(153): web_reg_find started  	[MsgId: MMSG-26355]
Action.c(153): Registering web_reg_find was successful  	[MsgId: MMSG-26390]
Action.c(158): web_submit_form("itinerary.pl") started  	[MsgId: MMSG-26355]
Action.c(158): Submitting form to "http://localhost:1080/cgi-bin/itinerary.pl", Target Frame=""  	[MsgId: MMSG-27978]
Action.c(158): Resource "http://localhost:1080/WebTours/images/cancelreservation.gif" is in the cache already and will not be downloaded again  	[MsgId: MMSG-26655]
Action.c(158): Resource "http://localhost:1080/WebTours/images/cancelallreservations.gif" is in the cache already and will not be downloaded again  	[MsgId: MMSG-26655]
Action.c(158): Error -26368: "Text=4116046" found for web_reg_find (count=1)  	[MsgId: MERR-26368]
End auto log messages stack.	[MsgId: MMSG-10544]


Start auto log messages stack - Iteration 75.	[MsgId: MMSG-10545]
Action.c(149): Registering web_reg_find was successful  	[MsgId: MMSG-26390]
Action.c(153): web_reg_find started  	[MsgId: MMSG-26355]
Action.c(153): Registering web_reg_find was successful  	[MsgId: MMSG-26390]
Action.c(158): web_submit_form("itinerary.pl") started  	[MsgId: MMSG-26355]
Action.c(158): Submitting form to "http://localhost:1080/cgi-bin/itinerary.pl", Target Frame=""  	[MsgId: MMSG-27978]
Action.c(158): Resource "http://localhost:1080/WebTours/images/cancelreservation.gif" is in the cache already and will not be downloaded again  	[MsgId: MMSG-26655]
Action.c(158): Resource "http://localhost:1080/WebTours/images/cancelallreservations.gif" is in the cache already and will not be downloaded again  	[MsgId: MMSG-26655]
Action.c(158): Error -26368: "Text=4111973" found for web_reg_find (count=1)  	[MsgId: MERR-26368]
End auto log messages stack.	[MsgId: MMSG-10544]


Start auto log messages stack - Iteration 79.	[MsgId: MMSG-10545]
Action.c(149): Registering web_reg_find was successful  	[MsgId: MMSG-26390]
Action.c(153): web_reg_find started  	[MsgId: MMSG-26355]
Action.c(153): Registering web_reg_find was successful  	[MsgId: MMSG-26390]
Action.c(158): web_submit_form("itinerary.pl") started  	[MsgId: MMSG-26355]
Action.c(158): Submitting form to "http://localhost:1080/cgi-bin/itinerary.pl", Target Frame=""  	[MsgId: MMSG-27978]
Action.c(158): Resource "http://localhost:1080/WebTours/images/cancelreservation.gif" is in the cache already and will not be downloaded again  	[MsgId: MMSG-26655]
Action.c(158): Resource "http://localhost:1080/WebTours/images/cancelallreservations.gif" is in the cache already and will not be downloaded again  	[MsgId: MMSG-26655]
Action.c(158): Error -26368: "Text=128006015" found for web_reg_find (count=1)  	[MsgId: MERR-26368]
End auto log messages stack.	[MsgId: MMSG-10544]


Start auto log messages stack - Iteration 79.	[MsgId: MMSG-10545]
Action.c(153): web_reg_find started  	[MsgId: MMSG-26355]
Action.c(153): Registering web_reg_find was successful  	[MsgId: MMSG-26390]
Action.c(158): web_submit_form("itinerary.pl") started  	[MsgId: MMSG-26355]
Action.c(158): Submitting form to "http://localhost:1080/cgi-bin/itinerary.pl", Target Frame=""  	[MsgId: MMSG-27978]
Action.c(158): Resource "http://localhost:1080/WebTours/images/cancelreservation.gif" is in the cache already and will not be downloaded again  	[MsgId: MMSG-26655]
Action.c(158): Resource "http://localhost:1080/WebTours/images/cancelallreservations.gif" is in the cache already and will not be downloaded again  	[MsgId: MMSG-26655]
Action.c(158): Registered web_reg_find successful for "Text=4133827"  	[MsgId: MMSG-26362]
Action.c(158): Error -26368: "Text=4116337" found for web_reg_find (count=2)  	[MsgId: MERR-26368]
End auto log messages stack.	[MsgId: MMSG-10544]


Start auto log messages stack - Iteration 84.	[MsgId: MMSG-10545]
Action.c(149): Registering web_reg_find was successful  	[MsgId: MMSG-26390]
Action.c(153): web_reg_find started  	[MsgId: MMSG-26355]
Action.c(153): Registering web_reg_find was successful  	[MsgId: MMSG-26390]
Action.c(158): web_submit_form("itinerary.pl") started  	[MsgId: MMSG-26355]
Action.c(158): Submitting form to "http://localhost:1080/cgi-bin/itinerary.pl", Target Frame=""  	[MsgId: MMSG-27978]
Action.c(158): Resource "http://localhost:1080/WebTours/images/cancelreservation.gif" is in the cache already and will not be downloaded again  	[MsgId: MMSG-26655]
Action.c(158): Resource "http://localhost:1080/WebTours/images/cancelallreservations.gif" is in the cache already and will not be downloaded again  	[MsgId: MMSG-26655]
Action.c(158): Error -26368: "Text=4140842" found for web_reg_find (count=1)  	[MsgId: MERR-26368]
End auto log messages stack.	[MsgId: MMSG-10544]


Start auto log messages stack - Iteration 86.	[MsgId: MMSG-10545]
Action.c(149): Registering web_reg_find was successful  	[MsgId: MMSG-26390]
Action.c(153): web_reg_find started  	[MsgId: MMSG-26355]
Action.c(153): Registering web_reg_find was successful  	[MsgId: MMSG-26390]
Action.c(158): web_submit_form("itinerary.pl") started  	[MsgId: MMSG-26355]
Action.c(158): Submitting form to "http://localhost:1080/cgi-bin/itinerary.pl", Target Frame=""  	[MsgId: MMSG-27978]
Action.c(158): Resource "http://localhost:1080/WebTours/images/cancelreservation.gif" is in the cache already and will not be downloaded again  	[MsgId: MMSG-26655]
Action.c(158): Resource "http://localhost:1080/WebTours/images/cancelallreservations.gif" is in the cache already and will not be downloaded again  	[MsgId: MMSG-26655]
Action.c(158): Error -26368: "Text=413191" found for web_reg_find (count=1)  	[MsgId: MERR-26368]
End auto log messages stack.	[MsgId: MMSG-10544]


Start auto log messages stack - Iteration 89.	[MsgId: MMSG-10545]
Action.c(149): Registering web_reg_find was successful  	[MsgId: MMSG-26390]
Action.c(153): web_reg_find started  	[MsgId: MMSG-26355]
Action.c(153): Registering web_reg_find was successful  	[MsgId: MMSG-26390]
Action.c(158): web_submit_form("itinerary.pl") started  	[MsgId: MMSG-26355]
Action.c(158): Submitting form to "http://localhost:1080/cgi-bin/itinerary.pl", Target Frame=""  	[MsgId: MMSG-27978]
Action.c(158): Resource "http://localhost:1080/WebTours/images/cancelreservation.gif" is in the cache already and will not be downloaded again  	[MsgId: MMSG-26655]
Action.c(158): Resource "http://localhost:1080/WebTours/images/cancelallreservations.gif" is in the cache already and will not be downloaded again  	[MsgId: MMSG-26655]
Action.c(158): Error -26368: "Text=41151" found for web_reg_find (count=1)  	[MsgId: MERR-26368]
End auto log messages stack.	[MsgId: MMSG-10544]


Start auto log messages stack - Iteration 90.	[MsgId: MMSG-10545]
Action.c(149): Registering web_reg_find was successful  	[MsgId: MMSG-26390]
Action.c(153): web_reg_find started  	[MsgId: MMSG-26355]
Action.c(153): Registering web_reg_find was successful  	[MsgId: MMSG-26390]
Action.c(158): web_submit_form("itinerary.pl") started  	[MsgId: MMSG-26355]
Action.c(158): Submitting form to "http://localhost:1080/cgi-bin/itinerary.pl", Target Frame=""  	[MsgId: MMSG-27978]
Action.c(158): Resource "http://localhost:1080/WebTours/images/cancelreservation.gif" is in the cache already and will not be downloaded again  	[MsgId: MMSG-26655]
Action.c(158): Resource "http://localhost:1080/WebTours/images/cancelallreservations.gif" is in the cache already and will not be downloaded again  	[MsgId: MMSG-26655]
Action.c(158): Error -26368: "Text=41234" found for web_reg_find (count=1)  	[MsgId: MERR-26368]
End auto log messages stack.	[MsgId: MMSG-10544]


Start auto log messages stack - Iteration 88.	[MsgId: MMSG-10545]
Action.c(149): Registering web_reg_find was successful  	[MsgId: MMSG-26390]
Action.c(153): web_reg_find started  	[MsgId: MMSG-26355]
Action.c(153): Registering web_reg_find was successful  	[MsgId: MMSG-26390]
Action.c(158): web_submit_form("itinerary.pl") started  	[MsgId: MMSG-26355]
Action.c(158): Submitting form to "http://localhost:1080/cgi-bin/itinerary.pl", Target Frame=""  	[MsgId: MMSG-27978]
Action.c(158): Resource "http://localhost:1080/WebTours/images/cancelreservation.gif" is in the cache already and will not be downloaded again  	[MsgId: MMSG-26655]
Action.c(158): Resource "http://localhost:1080/WebTours/images/cancelallreservations.gif" is in the cache already and will not be downloaded again  	[MsgId: MMSG-26655]
Action.c(158): Error -26368: "Text=4143024" found for web_reg_find (count=1)  	[MsgId: MERR-26368]
End auto log messages stack.	[MsgId: MMSG-10544]


