Start auto log messages stack - Iteration 28.	[MsgId: MMSG-10545]
Action.c(149): Registering web_reg_find was successful  	[MsgId: MMSG-26390]
Action.c(153): web_reg_find started  	[MsgId: MMSG-26355]
Action.c(153): Registering web_reg_find was successful  	[MsgId: MMSG-26390]
Action.c(158): web_submit_form("itinerary.pl") started  	[MsgId: MMSG-26355]
Action.c(158): Submitting form to "http://localhost:1080/cgi-bin/itinerary.pl", Target Frame=""  	[MsgId: MMSG-27978]
Action.c(158): Resource "http://localhost:1080/WebTours/images/cancelreservation.gif" is in the cache already and will not be downloaded again  	[MsgId: MMSG-26655]
Action.c(158): Resource "http://localhost:1080/WebTours/images/cancelallreservations.gif" is in the cache already and will not be downloaded again  	[MsgId: MMSG-26655]
Action.c(158): Error -26368: "Text=41111" found for web_reg_find (count=1)  	[MsgId: MERR-26368]
End auto log messages stack.	[MsgId: MMSG-10544]


Start auto log messages stack - Iteration 45.	[MsgId: MMSG-10545]
Action.c(153): web_reg_find started  	[MsgId: MMSG-26355]
Action.c(153): Registering web_reg_find was successful  	[MsgId: MMSG-26390]
Action.c(158): web_submit_form("itinerary.pl") started  	[MsgId: MMSG-26355]
Action.c(158): Submitting form to "http://localhost:1080/cgi-bin/itinerary.pl", Target Frame=""  	[MsgId: MMSG-27978]
Action.c(158): Resource "http://localhost:1080/WebTours/images/cancelreservation.gif" is in the cache already and will not be downloaded again  	[MsgId: MMSG-26655]
Action.c(158): Resource "http://localhost:1080/WebTours/images/cancelallreservations.gif" is in the cache already and will not be downloaded again  	[MsgId: MMSG-26655]
Action.c(158): Registered web_reg_find successful for "Text=4126047"  	[MsgId: MMSG-26362]
Action.c(158): Error -26368: "Text=4142656" found for web_reg_find (count=1)  	[MsgId: MERR-26368]
End auto log messages stack.	[MsgId: MMSG-10544]


Start auto log messages stack - Iteration 46.	[MsgId: MMSG-10545]
Action.c(153): web_reg_find started  	[MsgId: MMSG-26355]
Action.c(153): Registering web_reg_find was successful  	[MsgId: MMSG-26390]
Action.c(158): web_submit_form("itinerary.pl") started  	[MsgId: MMSG-26355]
Action.c(158): Submitting form to "http://localhost:1080/cgi-bin/itinerary.pl", Target Frame=""  	[MsgId: MMSG-27978]
Action.c(158): Resource "http://localhost:1080/WebTours/images/cancelreservation.gif" is in the cache already and will not be downloaded again  	[MsgId: MMSG-26655]
Action.c(158): Resource "http://localhost:1080/WebTours/images/cancelallreservations.gif" is in the cache already and will not be downloaded again  	[MsgId: MMSG-26655]
Action.c(158): Registered web_reg_find successful for "Text=4129675"  	[MsgId: MMSG-26362]
Action.c(158): Error -26368: "Text=4114829" found for web_reg_find (count=1)  	[MsgId: MERR-26368]
End auto log messages stack.	[MsgId: MMSG-10544]


Start auto log messages stack - Iteration 48.	[MsgId: MMSG-10545]
Action.c(149): Registering web_reg_find was successful  	[MsgId: MMSG-26390]
Action.c(153): web_reg_find started  	[MsgId: MMSG-26355]
Action.c(153): Registering web_reg_find was successful  	[MsgId: MMSG-26390]
Action.c(158): web_submit_form("itinerary.pl") started  	[MsgId: MMSG-26355]
Action.c(158): Submitting form to "http://localhost:1080/cgi-bin/itinerary.pl", Target Frame=""  	[MsgId: MMSG-27978]
Action.c(158): Resource "http://localhost:1080/WebTours/images/cancelreservation.gif" is in the cache already and will not be downloaded again  	[MsgId: MMSG-26655]
Action.c(158): Resource "http://localhost:1080/WebTours/images/cancelallreservations.gif" is in the cache already and will not be downloaded again  	[MsgId: MMSG-26655]
Action.c(158): Error -26368: "Text=4115973" found for web_reg_find (count=1)  	[MsgId: MERR-26368]
End auto log messages stack.	[MsgId: MMSG-10544]


Start auto log messages stack - Iteration 50.	[MsgId: MMSG-10545]
Action.c(149): Registering web_reg_find was successful  	[MsgId: MMSG-26390]
Action.c(153): web_reg_find started  	[MsgId: MMSG-26355]
Action.c(153): Registering web_reg_find was successful  	[MsgId: MMSG-26390]
Action.c(158): web_submit_form("itinerary.pl") started  	[MsgId: MMSG-26355]
Action.c(158): Submitting form to "http://localhost:1080/cgi-bin/itinerary.pl", Target Frame=""  	[MsgId: MMSG-27978]
Action.c(158): Resource "http://localhost:1080/WebTours/images/cancelreservation.gif" is in the cache already and will not be downloaded again  	[MsgId: MMSG-26655]
Action.c(158): Resource "http://localhost:1080/WebTours/images/cancelallreservations.gif" is in the cache already and will not be downloaded again  	[MsgId: MMSG-26655]
Action.c(158): Error -26368: "Text=412453" found for web_reg_find (count=1)  	[MsgId: MERR-26368]
End auto log messages stack.	[MsgId: MMSG-10544]


