Start auto log messages stack - Iteration 26.	[MsgId: MMSG-10545]
Action.c(72): web_add_header("Origin") was successful  	[MsgId: MMSG-26392]
Action.c(75): web_add_auto_header("Sec-Fetch-Site") started  	[MsgId: MMSG-26355]
Action.c(75): web_add_auto_header("Sec-Fetch-Site") was successful  	[MsgId: MMSG-26392]
Action.c(78): Think time - Waiting 5,00 seconds (according to limit).	[MsgId: MMSG-15946]
Action.c(78): lr_think_time: 5,00 seconds (recorded think time was 11,00 seconds).	[MsgId: MMSG-15947]
Action.c(80): web_submit_data("login.pl") started  	[MsgId: MMSG-26355]
Start auto log messages stack - Iteration 46.	[MsgId: MMSG-10545]
Action.c(33): web_add_auto_header("sec-ch-ua-platform") started  	[MsgId: MMSG-26355]
Action.c(33): web_add_auto_header("sec-ch-ua-platform") was successful  	[MsgId: MMSG-26392]
Action.c(37): web_reg_save_param_attrib started  	[MsgId: MMSG-26355]
Action.c(37): Registering web_reg_save_param_attrib was successful  	[MsgId: MMSG-26390]
Action.c(48): web_url("WebTours") started  	[MsgId: MMSG-26355]
Action.c(48): Detected non-resource "http://localhost:1080/WebTours/header.html" in "http://localhost:1080/WebTours/"  	[MsgId: MMSG-26574]
Action.c(48): Detected non-resource "http://localhost:1080/cgi-bin/welcome.pl?signOff=true" in "http://localhost:1080/WebTours/"  	[MsgId: MMSG-26574]
Action.c(48): Error -27721: Step download timeout (120 seconds) has expired when downloading resource "http://localhost:1080/cgi-bin/welcome.pl?signOff=true"  	[MsgId: MERR-27721]
End auto log messages stack.	[MsgId: MMSG-10544]


Start auto log messages stack - Iteration 26.	[MsgId: MMSG-10545]
Start auto log messages stack - Iteration 81.	[MsgId: MMSG-10545]
Action.c(145): Registered web_reg_find successful for "Text= from <B>Paris</B> to <B>Seattle</B>" (count=1)  	[MsgId: MMSG-26364]
Action.c(145): web_submit_data("reservations.pl") was successful, 2436 body bytes, 256 header bytes, 12 chunking overhead bytes  	[MsgId: MMSG-26385]
Action.c(169): Notify: Transaction "find_flight" ended with a "Pass" status (Duration: 11,1136 Think Time: 5,4585).	[MsgId: MMSG-16872]
Action.c(171): Think time - Waiting 5,00 seconds (according to limit).	[MsgId: MMSG-15946]
Action.c(171): lr_think_time: 5,00 seconds (recorded think time was 22,00 seconds).	[MsgId: MMSG-15947]
Action.c(173): Notify: Transaction "choose_flight" started.	[MsgId: MMSG-16999]
Action.c(175): web_reg_find started  	[MsgId: MMSG-26355]
Action.c(175): Registering web_reg_find was successful  	[MsgId: MMSG-26390]
Action.c(178): web_submit_data("reservations.pl_2") started  	[MsgId: MMSG-26355]
Action.c(178): Error -27721: Step download timeout (120 seconds) has expired when downloading resource "http://localhost:1080/cgi-bin/reservations.pl"  	[MsgId: MERR-27721]
End auto log messages stack.	[MsgId: MMSG-10544]


Start auto log messages stack - Iteration 81.	[MsgId: MMSG-10545]
Action.c(178): Aborting pending download of URL="http://localhost:1080/cgi-bin/reservations.pl" (RelFrameId=1, Internal ID=2103)  	[MsgId: MMSG-27649]
Action.c(178): Error -26366: "Text=Flight Reservation" not found for web_reg_find  	[MsgId: MERR-26366]
Action.c(178): Error -26374: The above "not found" error(s) may be explained by header and body byte counts being 0 and 0, respectively.  	[MsgId: MERR-26374]
End auto log messages stack.	[MsgId: MMSG-10544]


Start auto log messages stack - Iteration 85.	[MsgId: MMSG-10545]
Start auto log messages stack - Iteration 65.	[MsgId: MMSG-10545]
Action.c(107): web_add_auto_header("Upgrade-Insecure-Requests") started  	[MsgId: MMSG-26355]
Action.c(107): web_add_auto_header("Upgrade-Insecure-Requests") was successful  	[MsgId: MMSG-26392]
Action.c(110): Think time - Waiting 5,00 seconds (according to limit).	[MsgId: MMSG-15946]
Action.c(110): lr_think_time: 5,00 seconds (recorded think time was 12,00 seconds).	[MsgId: MMSG-15947]
Action.c(112): web_url("Search Flights Button") started  	[MsgId: MMSG-26355]
Action.c(112): Detected non-resource "http://localhost:1080/cgi-bin/nav.pl?page=menu&in=flights" in "http://localhost:1080/cgi-bin/welcome.pl?page=search"  	[MsgId: MMSG-26574]
Action.c(112): Detected non-resource "http://localhost:1080/cgi-bin/reservations.pl?page=welcome" in "http://localhost:1080/cgi-bin/welcome.pl?page=search"  	[MsgId: MMSG-26574]
Action.c(112): Error -27721: Step download timeout (120 seconds) has expired when downloading resource "http://localhost:1080/cgi-bin/reservations.pl?page=welcome"  	[MsgId: MERR-27721]
End auto log messages stack.	[MsgId: MMSG-10544]


Action.c(99): Notify: Transaction "click_flights" started.	[MsgId: MMSG-16999]
Action.c(101): web_reg_find started  	[MsgId: MMSG-26355]
Action.c(101): Registering web_reg_find was successful  	[MsgId: MMSG-26390]
Action.c(104): web_add_auto_header("Sec-Fetch-User") started  	[MsgId: MMSG-26355]
Action.c(104): web_add_auto_header("Sec-Fetch-User") was successful  	[MsgId: MMSG-26392]
Action.c(107): web_add_auto_header("Upgrade-Insecure-Requests") started  	[MsgId: MMSG-26355]
Action.c(107): web_add_auto_header("Upgrade-Insecure-Requests") was successful  	[MsgId: MMSG-26392]
Action.c(110): Think time - Waiting 5,00 seconds (according to limit).	[MsgId: MMSG-15946]
Action.c(110): lr_think_time: 5,00 seconds (recorded think time was 12,00 seconds).	[MsgId: MMSG-15947]
Action.c(112): web_url("Search Flights Button") started  	[MsgId: MMSG-26355]
Action.c(112): Error -27721: Step download timeout (120 seconds) has expired when downloading resource "http://localhost:1080/cgi-bin/welcome.pl?page=search"  	[MsgId: MERR-27721]
End auto log messages stack.	[MsgId: MMSG-10544]


Start auto log messages stack - Iteration 65.	[MsgId: MMSG-10545]
Action.c(112): Aborting pending download of URL="http://localhost:1080/cgi-bin/welcome.pl?page=search" (RelFrameId=1, Internal ID=1680)  	[MsgId: MMSG-27649]
Action.c(112): Error -26366: "Text=User has returned to the search page" not found for web_reg_find  	[MsgId: MERR-26366]
Action.c(112): Error -26374: The above "not found" error(s) may be explained by header and body byte counts being 0 and 0, respectively.  	[MsgId: MERR-26374]
End auto log messages stack.	[MsgId: MMSG-10544]


Action.c(27): web_add_auto_header("sec-ch-ua") was successful  	[MsgId: MMSG-26392]
Action.c(30): web_add_auto_header("sec-ch-ua-mobile") started  	[MsgId: MMSG-26355]
Action.c(30): web_add_auto_header("sec-ch-ua-mobile") was successful  	[MsgId: MMSG-26392]
Action.c(33): web_add_auto_header("sec-ch-ua-platform") started  	[MsgId: MMSG-26355]
Action.c(33): web_add_auto_header("sec-ch-ua-platform") was successful  	[MsgId: MMSG-26392]
Action.c(37): web_reg_save_param_attrib started  	[MsgId: MMSG-26355]
Action.c(37): Registering web_reg_save_param_attrib was successful  	[MsgId: MMSG-26390]
Action.c(48): web_url("WebTours") started  	[MsgId: MMSG-26355]
Action.c(48): Error -27721: Step download timeout (120 seconds) has expired when downloading resource "http://localhost:1080/WebTours/"  	[MsgId: MERR-27721]
End auto log messages stack.	[MsgId: MMSG-10544]


Start auto log messages stack - Iteration 85.	[MsgId: MMSG-10545]
Action.c(48): Aborting pending download of URL="http://localhost:1080/WebTours/" (RelFrameId=1, Internal ID=2185)  	[MsgId: MMSG-27649]
Action.c(48): Error -35048: No match found for the requested parameter "userSession". Check whether the tag with specific attributes exists in the response data  	[MsgId: MERR-35048]
Action.c(48): Error -26366: "Text=Web Tours" not found for web_reg_find  	[MsgId: MERR-26366]
Action.c(48): Error -26374: The above "not found" error(s) may be explained by header and body byte counts being 0 and 0, respectively.  	[MsgId: MERR-26374]
End auto log messages stack.	[MsgId: MMSG-10544]


Action.c(80): Detected non-resource "http://localhost:1080/cgi-bin/nav.pl?page=menu&in=home" in "http://localhost:1080/cgi-bin/login.pl"  	[MsgId: MMSG-26574]
Action.c(80): Detected non-resource "http://localhost:1080/cgi-bin/login.pl?intro=true" in "http://localhost:1080/cgi-bin/login.pl"  	[MsgId: MMSG-26574]
Action.c(80): Error -27721: Step download timeout (120 seconds) has expired when downloading resource "http://localhost:1080/cgi-bin/login.pl?intro=true"  	[MsgId: MERR-27721]
End auto log messages stack.	[MsgId: MMSG-10544]


Start auto log messages stack - Iteration 46.	[MsgId: MMSG-10545]
Action.c(48): Aborting pending download of URL="http://localhost:1080/cgi-bin/welcome.pl?signOff=true" (RelFrameId=1.2, Internal ID=1173)  	[MsgId: MMSG-27649]
Action.c(48): Aborting pending download of URL="http://localhost:1080/WebTours/header.html" (RelFrameId=1.1, Internal ID=1172)  	[MsgId: MMSG-27649]
Action.c(48): Error -35048: No match found for the requested parameter "userSession". Check whether the tag with specific attributes exists in the response data  	[MsgId: MERR-35048]
End auto log messages stack.	[MsgId: MMSG-10544]


Start auto log messages stack - Iteration 65.	[MsgId: MMSG-10545]
Start auto log messages stack - Iteration 7.	[MsgId: MMSG-10545]
Action.c(33): web_add_auto_header("sec-ch-ua-platform") started  	[MsgId: MMSG-26355]
Action.c(33): web_add_auto_header("sec-ch-ua-platform") was successful  	[MsgId: MMSG-26392]
Action.c(37): web_reg_save_param_attrib started  	[MsgId: MMSG-26355]
Action.c(37): Registering web_reg_save_param_attrib was successful  	[MsgId: MMSG-26390]
Action.c(48): web_url("WebTours") started  	[MsgId: MMSG-26355]
Action.c(48): Detected non-resource "http://localhost:1080/WebTours/header.html" in "http://localhost:1080/WebTours/"  	[MsgId: MMSG-26574]
Action.c(48): Detected non-resource "http://localhost:1080/cgi-bin/welcome.pl?signOff=true" in "http://localhost:1080/WebTours/"  	[MsgId: MMSG-26574]
Action.c(48): Error -27721: Step download timeout (120 seconds) has expired when downloading resource "http://localhost:1080/cgi-bin/welcome.pl?signOff=true"  	[MsgId: MERR-27721]
End auto log messages stack.	[MsgId: MMSG-10544]


Start auto log messages stack - Iteration 7.	[MsgId: MMSG-10545]
Action.c(48): Aborting pending download of URL="http://localhost:1080/cgi-bin/welcome.pl?signOff=true" (RelFrameId=1.2, Internal ID=159)  	[MsgId: MMSG-27649]
Action.c(48): Aborting pending download of URL="http://localhost:1080/WebTours/header.html" (RelFrameId=1.1, Internal ID=158)  	[MsgId: MMSG-27649]
Action.c(48): Error -35048: No match found for the requested parameter "userSession". Check whether the tag with specific attributes exists in the response data  	[MsgId: MERR-35048]
End auto log messages stack.	[MsgId: MMSG-10544]


Action.c(72): web_add_header("Origin") was successful  	[MsgId: MMSG-26392]
Action.c(75): web_add_auto_header("Sec-Fetch-Site") started  	[MsgId: MMSG-26355]
Action.c(75): web_add_auto_header("Sec-Fetch-Site") was successful  	[MsgId: MMSG-26392]
Action.c(78): Think time - Waiting 5,00 seconds (according to limit).	[MsgId: MMSG-15946]
Action.c(78): lr_think_time: 5,00 seconds (recorded think time was 11,00 seconds).	[MsgId: MMSG-15947]
Action.c(80): web_submit_data("login.pl") started  	[MsgId: MMSG-26355]
Action.c(80): Detected non-resource "http://localhost:1080/cgi-bin/nav.pl?page=menu&in=home" in "http://localhost:1080/cgi-bin/login.pl"  	[MsgId: MMSG-26574]
Action.c(80): Detected non-resource "http://localhost:1080/cgi-bin/login.pl?intro=true" in "http://localhost:1080/cgi-bin/login.pl"  	[MsgId: MMSG-26574]
Action.c(80): Error -27721: Step download timeout (120 seconds) has expired when downloading resource "http://localhost:1080/cgi-bin/login.pl?intro=true"  	[MsgId: MERR-27721]
End auto log messages stack.	[MsgId: MMSG-10544]


