Action.c(264):     </TR>\n
Action.c(264):     \n
Action.c(264):     <!-- Flight #1 -->\n
Action.c(264):     <TR bgcolor="#EFF2F7">\n
Action.c(264):       <TD width="5%" rowspan="2" align="left" valign="top">\n
Action.c(264):     <b>\n
Action.c(264):     <label><input type="checkbox" name="141" value="on" /></label></font></b>\n
Action.c(264):     <input type="hidden" name="flightID" value="4129264-108472-MB"  />\n
Action.c(264):       </TD>\n
Action.c(264):       <TD width="45%" valign="top">\n
Action.c(264):           <b>&nbsp;&nbsp;A Coach class ticket for :</b><br/>\n
Action.c(264):           <center><table border="0" width="85%"><tr><td>\n
Action.c(264):           <li><i>Mariya Bogolyubova\n
Action.c(264):           <li><i></i>\n
Action.c(264):           </td></tr></table></center>\n
Action.c(264):       </TD>\n
Action.c(264):       <TD width="5%" >.<br/>.<br/>.<br/>.</TD>\n
Action.c(264):       <TD width="45%" valign=top><b>Invoice sent to:</b><br/>\n
Action.c(264):           <center>\n
Action.c(264):           <Table width="80%" cellspacing="0" > <tr> <td>\n
Action.c(264):               Mariya Bogolyubova\n
Action.c(264):     <br/>\n
Action.c(264):               Dolnoslaskie<br/>\n
Action.c(264):               Dolnoslaskie<br/>\n
Action.c(264):               <br/>\n
Action.c(264):               Total Charge: $ 143 <BR/> (CC: x-111)\n
Action.c(264):           </td> </tr> </table>\n
Action.c(264):           </center>\n
Action.c(264):       </TD>\n
Action.c(264):     </TR>\n
Action.c(264):     <TR bgcolor="#EFF2F7">\n
Action.c(264):       <TD COLSPAN="3">\n
Action.c(264):       <b>Flight Details:</b><BR/>  <center>\n
Action.c(264):       04/10/2022\n
Action.c(264):      :  8am : Flight 490 leaves Paris  for Zurich.<br>  </center>\n
Action.c(264):       </TD>\n
Action.c(264):     </TR>\n
Action.c(264):     \n
Action.c(264):     <TR bgcolor="#EFF2F7">\n
Action.c(264):       <TD COLSPAN="4">\n
Action.c(264):       <hr/>\n
Action.c(264):       </TD>\n
Action.c(264):     </TR>\n
Action.c(264):     \n
Action.c(264):     <!-- Flight #1 -->\n
Action.c(264):     <TR bgcolor="#EFF2F7">\n
Action.c(264):       <TD width="5%" rowspan="2" align="left" valign="top">\n
Action.c(264):     <b>\n
Action.c(264):     <label><input type="checkbox" name="142" value="on" /></label></font></b>\n
Action.c(264):     <input type="hidden" name="flightID" value="1280367-1092-MB"  />\n
Action.c(264):       </TD>\n
Action.c(264):       <TD width="45%" valign="top">\n
Action.c(264):           <b>&nbsp;&nbsp;A Coach class ticket for :</b><br/>\n
Action.c(264):           <center><table border="0" width="85%"><tr><td>\n
Action.c(264):           <li><i>\n
Action.c(264):           <li><i></i>\n
Action.c(264):           </td></tr></table></center>\n
Action.c(264):       </TD>\n
Action.c(264):       <TD width="5%" >.<br/>.<br/>.<br/>.</TD>\n
Action.c(264):       <TD width="45%" valign=top><b>Invoice sent to:</b><br/>\n
Action.c(264):           <center>\n
Action.c(264):           <Table width="80%" cellspacing="0" > <tr> <td>\n
Action.c(264):               Mariya Bogolyubova\n
Action.c(264):     <br/>\n
Action.c(264):               Dolnoslaskie<br/>\n
Action.c(264):               Dolnoslaskie<br/>\n
Action.c(264):               <br/>\n
Action.c(264):               Total Charge: $ 0 <BR/> (CC: x-3456)\n
Action.c(264):           </td> </tr> </table>\n
Action.c(264):           </center>\n
Action.c(264):       </TD>\n
Action.c(264):     </TR>\n
Action.c(264):     <TR bgcolor="#EFF2F7">\n
Action.c(264):       <TD COLSPAN="3">\n
Action.c(264):       <b>Flight Details:</b><BR/>  <center>\n
Action.c(264):       04/10/2022\n
Action.c(264):      :  5pm : Flight 992 leaves Zurich  for Zurich.<br>  </center>\n
Action.c(264):       </TD>\n
Action.c(264):     </TR>\n
Action.c(264):     \n
Action.c(264):     <TR bgcolor="#EFF2F7">\n
Action.c(264):       <TD COLSPAN="4">\n
Action.c(264):       <hr/>\n
Action.c(264):       </TD>\n
Action.c(264):     </TR>\n
Action.c(264):     \n
Action.c(264):     <!-- Flight #1 -->\n
Action.c(264):     <TR bgcolor="#EFF2F7">\n
Action.c(264):       <TD width="5%" rowspan="2" align="left" valign="top">\n
Action.c(264):     <b>\n
Action.c(264):     <label><input type="checkbox" name="143" value="on" /></label></font></b>\n
Action.c(264):     <input type="hidden" name="flightID" value="4121895-110012-MB"  />\n
Action.c(264):       </TD>\n
Action.c(264):       <TD width="45%" valign="top">\n
Action.c(264):           <b>&nbsp;&nbsp;A Coach class ticket for :</b><br/>\n
Action.c(264):           <center><table border="0" width="85%"><tr><td>\n
Action.c(264):           <li><i>Mariya Bogolyubova\n
Action.c(264):           <li><i></i>\n
Action.c(264):           </td></tr></table></center>\n
Action.c(264):       </TD>\n
Action.c(264):       <TD width="5%" >.<br/>.<br/>.<br/>.</TD>\n
Action.c(264):       <TD width="45%" valign=top><b>Invoice sent to:</b><br/>\n
Action.c(264):           <center>\n
Action.c(264):           <Table width="80%" cellspacing="0" > <tr> <td>\n
Action.c(264):               Mariya Bogolyubova\n
Action.c(264):     <br/>\n
Action.c(264):               Dolnoslaskie<br/>\n
Action.c(264):               Dolnoslaskie<br/>\n
Action.c(264):               <br/>\n
Action.c(264):               Total Charge: $ 166 <BR/> (CC: x-111)\n
Action.c(264):           </td> </tr> </table>\n
Action.c(264):           </center>\n
Action.c(264):       </TD>\n
Action.c(264):     </TR>\n
Action.c(264):     <TR bgcolor="#EFF2F7">\n
Action.c(264):       <TD COLSPAN="3">\n
Action.c(264):       <b>Flight Details:</b><BR/>  <center>\n
Action.c(264):       04/10/2022\n
Action.c(264):      :  1pm : Flight 291 leaves London  for Zurich.<br>  </center>\n
Action.c(264):       </TD>\n
Action.c(264):     </TR>\n
Action.c(264):     \n
Action.c(264):     <TR bgcolor="#EFF2F7">\n
Action.c(264):       <TD COLSPAN="4">\n
Action.c(264):       <hr/>\n
Action.c(264):       </TD>\n
Action.c(264):     </TR>\n
Action.c(264):     \n
Action.c(264):     <!-- Flight #1 -->\n
Action.c(264):     <TR bgcolor="#EFF2F7">\n
Action.c(264):       <TD width="5%" rowspan="2" align="left" valign="top">\n
Action.c(264):     <b>\n
Action.c(264):     <label><input type="checkbox" name="144" value="on" /></label></font></b>\n
Action.c(264):     <input type="hidden" name="flightID" value="4145265-110782-MB"  />\n
Action.c(264):       </TD>\n
Action.c(264):       <TD width="45%" valign="top">\n
Action.c(264):           <b>&nbsp;&nbsp;A Coach class ticket for :</b><br/>\n
Action.c(264):           <center><table border="0" width="85%"><tr><td>\n
Action.c(264):           <li><i>Mariya Bogolyubova\n
Action.c(264):           <li><i></i>\n
Action.c(264):           </td></tr></table></center>\n
Action.c(264):       </TD>\n
Action.c(264):       <TD width="5%" >.<br/>.<br/>.<br/>.</TD>\n
Action.c(264):       <TD width="45%" valign=top><b>Invoice sent to:</b><br/>\n
Action.c(264):           <center>\n
Action.c(264):           <Table width="80%" cellspacing="0" > <tr> <td>\n
Action.c(264):               Mariya Bogolyubova\n
Action.c(264):     <br/>\n
Action.c(264):             
Action.c(264): t=537808ms: 8-byte chunked response overhead for "http://localhost:1080/cgi-bin/itinerary.pl" (RelFrameId=1.2, Internal ID=121)
Action.c(264):     \r\n
Action.c(264):     1000\r\n
Action.c(264): t=537808ms: 8-byte chunked response overhead for "http://localhost:1080/cgi-bin/itinerary.pl" (RelFrameId=1.2, Internal ID=121)
Action.c(264):     \r\n
Action.c(264):     1000\r\n
Action.c(264): t=537808ms: 8-byte chunked response overhead for "http://localhost:1080/cgi-bin/itinerary.pl" (RelFrameId=1.2, Internal ID=121)
Action.c(264):     \r\n
Action.c(264):     1000\r\n
Action.c(264): t=537808ms: 12263-byte chunked response body for "http://localhost:1080/cgi-bin/itinerary.pl" (RelFrameId=1.2, Internal ID=121)
Action.c(264):       Dolnoslaskie<br/>\n
Action.c(264):               Dolnoslaskie<br/>\n
Action.c(264):               <br/>\n
Action.c(264):               Total Charge: $ 176 <BR/> (CC: x-111)\n
Action.c(264):           </td> </tr> </table>\n
Action.c(264):           </center>\n
Action.c(264):       </TD>\n
Action.c(264):     </TR>\n
Action.c(264):     <TR bgcolor="#EFF2F7">\n
Action.c(264):       <TD COLSPAN="3">\n
Action.c(264):       <b>Flight Details:</b><BR/>  <center>\n
Action.c(264):       04/10/2022\n
Action.c(264):      :  5pm : Flight 922 leaves Zurich  for London.<br>  </center>\n
Action.c(264):       </TD>\n
Action.c(264):     </TR>\n
Action.c(264):     \n
Action.c(264):     <TR bgcolor="#EFF2F7">\n
Action.c(264):       <TD COLSPAN="4">\n
Action.c(264):       <hr/>\n
Action.c(264):       </TD>\n
Action.c(264):     </TR>\n
Action.c(264):     \n
Action.c(264):     <!-- Flight #1 -->\n
Action.c(264):     <TR bgcolor="#EFF2F7">\n
Action.c(264):       <TD width="5%" rowspan="2" align="left" valign="top">\n
Action.c(264):     <b>\n
Action.c(264):     <label><input type="checkbox" name="145" value="on" /></label></font></b>\n
Action.c(264):     <input type="hidden" name="flightID" value="1280285-1115-MB"  />\n
Action.c(264):       </TD>\n
Action.c(264):       <TD width="45%" valign="top">\n
Action.c(264):           <b>&nbsp;&nbsp;A Coach class ticket for :</b><br/>\n
Action.c(264):           <center><table border="0" width="85%"><tr><td>\n
Action.c(264):           <li><i>\n
Action.c(264):           <li><i></i>\n
Action.c(264):           </td></tr></table></center>\n
Action.c(264):       </TD>\n
Action.c(264):       <TD width="5%" >.<br/>.<br/>.<br/>.</TD>\n
Action.c(264):       <TD width="45%" valign=top><b>Invoice sent to:</b><br/>\n
Action.c(264):           <center>\n
Action.c(264):           <Table width="80%" cellspacing="0" > <tr> <td>\n
Action.c(264):               Mariya Bogolyubova\n
Action.c(264):     <br/>\n
Action.c(264):               Dolnoslaskie<br/>\n
Action.c(264):               Dolnoslaskie<br/>\n
Action.c(264):               <br/>\n
Action.c(264):               Total Charge: $ 0 <BR/> (CC: x-3456)\n
Action.c(264):           </td> </tr> </table>\n
Action.c(264):           </center>\n
Action.c(264):       </TD>\n
Action.c(264):     </TR>\n
Action.c(264):     <TR bgcolor="#EFF2F7">\n
Action.c(264):       <TD COLSPAN="3">\n
Action.c(264):       <b>Flight Details:</b><BR/>  <center>\n
Action.c(264):       04/10/2022\n
Action.c(264):      :  8am : Flight 770 leaves Seattle  for Seattle.<br>  </center>\n
Action.c(264):       </TD>\n
Action.c(264):     </TR>\n
Action.c(264):     \n
Action.c(264):     <TR bgcolor="#EFF2F7">\n
Action.c(264):       <TD COLSPAN="4">\n
Action.c(264):       <hr/>\n
Action.c(264):       </TD>\n
Action.c(264):     </TR>\n
Action.c(264):     \n
Action.c(264):     <!-- Flight #1 -->\n
Action.c(264):     <TR bgcolor="#EFF2F7">\n
Action.c(264):       <TD width="5%" rowspan="2" align="left" valign="top">\n
Action.c(264):     <b>\n
Action.c(264):     <label><input type="checkbox" name="146" value="on" /></label></font></b>\n
Action.c(264):     <input type="hidden" name="flightID" value="4112267-112324-MB"  />\n
Action.c(264):       </TD>\n
Action.c(264):       <TD width="45%" valign="top">\n
Action.c(264):           <b>&nbsp;&nbsp;A Coach class ticket for :</b><br/>\n
Action.c(264):           <center><table border="0" width="85%"><tr><td>\n
Action.c(264):           <li><i>Mariya Bogolyubova\n
Action.c(264):           <li><i></i>\n
Action.c(264):           </td></tr></table></center>\n
Action.c(264):       </TD>\n
Action.c(264):       <TD width="5%" >.<br/>.<br/>.<br/>.</TD>\n
Action.c(264):       <TD width="45%" valign=top><b>Invoice sent to:</b><br/>\n
Action.c(264):           <center>\n
Action.c(264):           <Table width="80%" cellspacing="0" > <tr> <td>\n
Action.c(264):               Mariya Bogolyubova\n
Action.c(264):     <br/>\n
Action.c(264):               Dolnoslaskie<br/>\n
Action.c(264):               Dolnoslaskie<br/>\n
Action.c(264):               <br/>\n
Action.c(264):               Total Charge: $ 224 <BR/> (CC: x-111)\n
Action.c(264):           </td> </tr> </table>\n
Action.c(264):           </center>\n
Action.c(264):       </TD>\n
Action.c(264):     </TR>\n
Action.c(264):     <TR bgcolor="#EFF2F7">\n
Action.c(264):       <TD COLSPAN="3">\n
Action.c(264):       <b>Flight Details:</b><BR/>  <center>\n
Action.c(264):       04/10/2022\n
Action.c(264):      :  1pm : Flight 031 leaves Denver  for Los Angeles.<br>  </center>\n
Action.c(264):       </TD>\n
Action.c(264):     </TR>\n
Action.c(264):     \n
Action.c(264):     <TR bgcolor="#EFF2F7">\n
Action.c(264):       <TD COLSPAN="4">\n
Action.c(264):       <hr/>\n
Action.c(264):       </TD>\n
Action.c(264):     </TR>\n
Action.c(264):     \n
Action.c(264):     <!-- Flight #1 -->\n
Action.c(264):     <TR bgcolor="#EFF2F7">\n
Action.c(264):       <TD width="5%" rowspan="2" align="left" valign="top">\n
Action.c(264):     <b>\n
Action.c(264):     <label><input type="checkbox" name="147" value="on" /></label></font></b>\n
Action.c(264):     <input type="hidden" name="flightID" value="4124117-113090-MB"  />\n
Action.c(264):       </TD>\n
Action.c(264):       <TD width="45%" valign="top">\n
Action.c(264):           <b>&nbsp;&nbsp;A Coach class ticket for :</b><br/>\n
Action.c(264):           <center><table border="0" width="85%"><tr><td>\n
Action.c(264):           <li><i>Mariya Bogolyubova\n
Action.c(264):           <li><i></i>\n
Action.c(264):           </td></tr></table></center>\n
Action.c(264):       </TD>\n
Action.c(264):       <TD width="5%" >.<br/>.<br/>.<br/>.</TD>\n
Action.c(264):       <TD width="45%" valign=top><b>Invoice sent to:</b><br/>\n
Action.c(264):           <center>\n
Action.c(264):           <Table width="80%" cellspacing="0" > <tr> <td>\n
Action.c(264):               Mariya Bogolyubova\n
Action.c(264):     <br/>\n
Action.c(264):               Dolnoslaskie<br/>\n
Action.c(264):               Dolnoslaskie<br/>\n
Action.c(264):               <br/>\n
Action.c(264):               Total Charge: $ 176 <BR/> (CC: x-111)\n
Action.c(264):           </td> </tr> </table>\n
Action.c(264):           </center>\n
Action.c(264):       </TD>\n
Action.c(264):     </TR>\n
Action.c(264):     <TR bgcolor="#EFF2F7">\n
Action.c(264):       <TD COLSPAN="3">\n
Action.c(264):       <b>Flight Details:</b><BR/>  <center>\n
Action.c(264):       04/10/2022\n
Action.c(264):      :  1pm : Flight 351 leaves Los Angeles  for Portland.<br>  </center>\n
Action.c(264):       </TD>\n
Action.c(264):     </TR>\n
Action.c(264):     \n
Action.c(264):     <TR bgcolor="#EFF2F7">\n
Action.c(264):       <TD COLSPAN="4">\n
Action.c(264):       <hr/>\n
Action.c(264):       </TD>\n
Action.c(264):     </TR>\n
Action.c(264):     \n
Action.c(264):     <!-- Flight #1 -->\n
Action.c(264):     <TR bgcolor="#EFF2F7">\n
Action.c(264):       <TD width="5%" rowspan="2" align="left" valign="top">\n
Action.c(264):     <b>\n
Action.c(264):     <label><input type="checkbox" name="148" value="on" /></label></font></b>\n
Action.c(264):     <input type="hidden" name="flightID" value="128033384-113875-MB"  />\n
Action.c(264):       </TD>\n
Action.c(264):       <TD width="45%" valign="top">\n
Action.c(264):           <b>&nbsp;&nbsp;A Coach class ticket for :</b><br/>\n
Action.c(264):           <center><table border="0" width="85%"><tr><td>\n
Action.c(264):           <li><i>\n
Action.c(264):           <li><i></i>\n
Action.c(264):           </td></tr></table></center>\n
Action.c(264):       </TD>\n
Action.c(264):       <TD width="5%" >.<br/>.<br/>.<br/>.</TD>\n
Action.c(264):       <TD width="45%" valign=top><b>Invoice sent to:</b><br/>\n
Action.c(264):           <center>\n
Action.c(264):           <Table width="80%" cellspacing="0" > <tr> <td>\n
Action.c(264):               Mariya Bogolyubova\n
Action.c(264):     <br/>\n
Action.c(264):               Dolnoslaskie<br/>\n
Action.c(264):               Dolnoslaskie<br/>\n
Action.c(264):               <br/>\n
Action.c(264):               Total Charge: $ 375 <BR/> (CC: x-3456)\n
Action.c(264):           </td> </tr> </table>\n
Action.c(264):           </center>\n
Action.c(264):       </TD>\n
Action.c(264):     </TR>\n
Action.c(264):     <TR bgcolor="#EFF2F7">\n
Action.c(264):       <TD COLSPAN="3">\n
Action.c(264):       <b>Flight Details:</b><BR/>  <center>\n
Action.c(264):       04/10/2022\n
Action.c(264):      :  1pm : Flight 901 leaves Zurich  for Denver.<br>  </center>\n
Action.c(264):       </TD>\n
Action.c(264):     </TR>\n
Action.c(264):     \n
Action.c(264):     <TR bgcolor="#EFF2F7">\n
Action.c(264):       <TD COLSPAN="4">\n
Action.c(264):       <hr/>\n
Action.c(264):       </TD>\n
Action.c(264):     </TR>\n
Action.c(264):     \n
Action.c(264):     <!-- Flight #1 -->\n
Action.c(264):     <TR bgcolor="#EFF2F7">\n
Action.c(264):       <TD width="5%" rowspan="2" align="left" valign="top">\n
Action.c(264):     <b>\n
Action.c(264):     <label><input type="checkbox" name="149" value="on" /></label></font></b>\n
Action.c(264):     <input type="hidden" name="flightID" value="4140495-114643-MB"  />\n
Action.c(264):       </TD>\n
Action.c(264):       <TD width="45%" valign="top">\n
Action.c(264):           <b>&nbsp;&nbsp;A Coach class ticket for :</b><br/>\n
Action.c(264):           <center><table border="0" width="85%"><tr><td>\n
Action.c(264):           <li><i>Mariya Bogolyubova\n
Action.c(264):           <li><i></i>\n
Action.c(264):           </td></tr></table></center>\n
Action.c(264):       </TD>\n
Action.c(264):       <TD width="5%" >.<br/>.<br/>.<br/>.</TD>\n
Action.c(264):       <TD width="45%" valign=top><b>Invoice sent to:</b><br/>\n
Action.c(264):           <center>\n
Action.c(264):           <Table width="80%" cellspacing="0" > <tr> <td>\n
Action.c(264):               Mariya Bogolyubova\n
Action.c(264):     <br/>\n
Action.c(264):               Dolnoslaskie<br/>\n
Action.c(264):               Dolnoslaskie<br/>\n
Action.c(264):               <br/>\n
Action.c(264):               Total Charge: $ 366 <BR/> (CC: x-111)\n
Action.c(264):           </td> </tr> </table>\n
Action.c(264):           </center>\n
Action.c(264):       </TD>\n
Action.c(264):     </TR>\n
Action.c(264):     <TR bgcolor="#EFF2F7">\n
Action.c(264):       <TD COLSPAN="3">\n
Action.c(264):       <b>Flight Details:</b><BR/>  <center>\n
Action.c(264):       04/10/2022\n
Action.c(264):      :  11pm : Flight 793 leaves Seattle  for Zurich.<br>  </center>\n
Action.c(264):       </TD>\n
Action.c(264):     </TR>\n
Action.c(264):     \n
Action.c(264):     <TR bgcolor="#EFF2F7">\n
Action.c(264):       <TD COLSPAN="4">\n
Action.c(264):       <hr/>\n
Action.c(264):       </TD>\n
Action.c(264):     </TR>\n
Action.c(264):     \n
Action.c(264):     <!-- Flight #1 -->\n
Action.c(264):     <TR bgcolor="#EFF2F7">\n
Action.c(264):       <TD width="5%" rowspan="2" align="left" valign="top">\n
Action.c(264):     <b>\n
Action.c(264):     <label><input type="checkbox" name="150" value="on" /></label></font></b>\n
Action.c(264):     <input type="hidden" name="flightID" value="4140102-115442-MB"  />\n
Action.c(264):       </TD>\n
Action.c(264):       <TD width="45%" valign="top">\n
Action.c(264):           <b>&nbsp;&nbsp;A Coach class ticket for :</b><br/>\n
Action.c(264):           <center><table border="0" width="85%"><tr><td>\n
Action.c(264):           <li><i>Mariya Bogolyubova\n
Action.c(264):           <li><i></i>\n
Action.c(264):           </td></tr></table></center>\n
Action.c(264):       </TD>\n
Action.c(264):       <TD width="5%" >.<br/>.<br/>.<br/>.</TD>\n
Action.c(264):       <TD width="45%" valign=top><b>Invoice sent to:</b><br/>\n
Action.c(264):           <center>\n
Action.c(264):           <Table width="80%" cellspacing="0" > <tr> <td>\n
Action.c(264):               Mariya Bogolyubova\n
Action.c(264):     <br/>\n
Action.c(264):               Dolnoslaskie<br/>\n
Action.c(264):               Dolnoslaskie<br/>\n
Action.c(264):               <br/>\n
Action.c(264):               Total Charge: $ 758 <BR/> (CC: x-111)\n
Action.c(264):           </td> </tr> </table>\n
Action.c(264):           </center>\n
Action.c(264):       </TD>\n
Action.c(264):     </TR>\n
Action.c(264):     <TR bgcolor="#EFF2F7">\n
Action.c(264):       <TD COLSPAN="3">\n
Action.c(264):       <b>Flight Details:</b><BR/>  <center>\n
Action.c(264):       04/10/2022\n
Action.c(264):      :  5pm : Flight 782 leaves Seattle  for Sydney.<br>  </center>\n
Action.c(264):       </TD>\n
Action.c(264):     </TR>\n
Action.c(264):     \n
Action.c(264):     <TR bgcolor="#EFF2F7">\n
Action.c(264):       <TD COLSPAN="4">\n
Action.c(264):       <hr/>\n
Action.c(264):       </TD>\n
Action.c(264):     </TR>\n
Action.c(264):     \n
Action.c(264):     <!-- Flight #1 -->\n
Action.c(264):     <TR bgcolor="#EFF2F7">\n
Action.c(264):       <TD width="5%" rowspan="2" align="left" valign="top">\n
Action.c(264):     <b>\n
Action.c(264):     <label><input type="checkbox" name="151" value="on" /></label></font></b>\n
Action.c(264):     <input type="hidden" name="flightID" value="128008547-116213-MB"  />\n
Action.c(264):       </TD>\n
Action.c(264):       <TD width="45%" valign="top">\n
Action.c(264):           <b>&nbsp;&nbsp;A Coach class ticket for :</b><br/>\n
Action.c(264):           <center><table border="0" width="85%"><tr><td>\n
Action.c(264):           <li><i>\n
Action.c(264):           <li><i></i>\n
Action.c(264):           </td></tr></table></center>\n
Action.c(264):       </TD>\n
Action.c(264):       <TD width="5%" >.<br/>.<br/>.<br/>.</TD>\n
Action.c(264):       <TD width="45%" valign=top><b>Invoice sent to:</b><br/>\n
Action.c(264):           <center>\n
Action.c(264):           <Table width="80%" cellspacing="0" > <tr> <td>\n
Action.c(264):               Mariya Bogolyubova\n
Action.c(264):     <br/>\n
Action.c(264):               Dolnoslaskie<br/>\n
Action.c(264):               Dolnoslaskie<br/>\n
Action.c(264):               <br/>\n
Action.c(264):               Total Charge: $ 773 <BR/> (CC: x-3456)\n
Action.c(264):           </td> </tr> </table>\n
Action.c(264):           </center>\n
Action.c(264):       </TD>\n
Action.c(264):     </TR>\n
Action.c(264):     <TR bgcolor="#EFF2F7">\n
Action.c(264):       <TD COLSPAN="3">\n
Action.c(264):       <b>Flight Details:</b><BR/>  <center>\n
Action.c(264):       04/10/2022\n
Action.c(264):      :  8am : Flight 230 leaves London  for Los Angeles.<br>  </center>\n
Action.c(264):       </TD>\n
Action.c(264):     </TR>\n
Action.c(264):     \n
Action.c(264):     <TR bgcolor="#EFF2F7">\n
Action.c(264):       <TD COLSPAN="4">\n
Action.c(264):       <hr/>\n
Action.c(264):       </TD>\n
Action.c(264):     </TR>\n
Action.c(264):     \n
Action.c(264):     <!-- Flight #1 -->\n
Action.c(264):     <TR bgcolor="#EFF2F7">\n
Action.c(264):       <TD width="5%" rowspan="2" align="left" valign="top">\n
Action.c(264):     <b>\n
Action.c(264):     <label><input type="checkbox" name="152" value="on" /></label></font></b>\n
Action.c(264):     <input type="hidden" name="flightID" value="4141910-116968-MB"  />\n
Action.c(264):       </TD>\n
Action.c(264):       <TD width="45%" valign="top">\n
Action.c(264):           <b>&nbsp;&nbsp;A Coach class ticket for :</b><br/>\n
Action.c(264):           <center><table border="0" width="85%"><tr><td>\n
Action.c(264):           <li><i>Mariya Bogolyubova\n
Action.c(264):           <li><i></i>\n
Action.c(264):           </td></tr></table></center>\n
Action.c(264):       </TD>\n
Action.c(264):       <TD width="5%" >.<br/>.<br/>.<br/>.</TD>\n
Action.c(264):       <TD width="45%" valign=top><b>Invoice sent to:</b><br/>\n
Action.c(264):           <center>\n
Action.c(264):           <Table width="80%" cellspacing="0" > <tr> <td>\n
Action.c(264):               Mariya Bogolyubova\n
Action.c(264):     <br/>\n
Action.c(264):               Dolnoslaskie<br/>\n
Action.c(264):               Dolnoslaskie<br/>\n
Action.c(264):               <br/>\n
Action.c(264):               Total Charge: $ 596 <BR/> (CC: x-111)\n
Action.c(264):           </td> </tr> </table>\n
Action.c(264):           </center>\n
Action.c(264):       </TD>\n
Action.c(264):     </TR>\n
Action.c(264):     <TR bgcolor="#EFF2F7">\n
Action.c(264):       <TD COLSPAN="3">\n
Action.c(264):       <b>Flight Details:</b><BR/>  <center>\n
Action.c(264):       04/10/2022\n
Action.c(264):      :  1pm : Flight 831 leaves Sydney  for Los Angeles.<br>  </center>\n
Action.c(264):       </TD>\n
Action.c(264):     </TR>\n
Action.c(264):     \n
Action.c(264):     <TR bgcolor="#EFF2F7">\n
Action.c(264):       <TD COLSPAN="4">\n
Action.c(264):       <hr/>\n
Action.c(264):       </TD>\n
Action.c(264):     </TR>\n
Action.c(264):     \n
Action.c(264):     <!-- Flight #1 -->\n
Action.c(264):     <TR bgcolor="#EFF2F7">\n
Action.c(264):       <TD width="5%" rowspan="2" align="left" valign="top">\n
Action.c(264):     <b>\n
Action.c(264):     <label><input type="checkbox" name="153" value="on" /></label></font></b>\n
Action.c(264):     <input type="hidden" name="flightID" value="413187-11775-MB"  />\n
Action.c(264):       </TD>\n
Action.c(264):       <TD width="45%" valign="top">\n
Action.c(264):           <b>&nbsp;&nbsp;A Coach class ticket for :</b><br/>\n
Action.c(264):           <center><table border="0" width="85%"><tr><td>\n
Action.c(264):           <li><i>Mariya Bogolyubova\n
Action.c(264):           <li><i></i>\n
Action.c(264):           </td></tr></table></center>\n
Action.c(264):       </TD>\n
Action.c(264):       <TD width="5%" >.<br/>.<br/>.<br/>.</TD>\n
Action.c(264):       <TD width="45%" valign=top><b>Invoice sent to:</b><br/>\n
Action.c(264):           <center>\n
Action.c(264):           <Table width="80%" cellspacing="0" > <tr> <td>\n
Action.c(264):               Mariya Bogolyubova\n
Action.c(264):     <br/>\n
Action.c(264):               Dolnoslaskie<br/>\n
Action.c(264):               Dolnoslaskie<br/>\n
Action.c(264):               <br/>\n
Action.c(264):               Total Charge: $ 75 <BR/> (CC: x-111)\n
Action.c(264):           </td> </tr> </table>\n
Action.c(264):           </center>\n
Action.c(264):       </TD>\n
Action.c(264):     </TR>\n
Action.c(264):     <TR bgcolor="#EFF2F7">\n
Action.c(264):       <TD COLSPAN="3">\n
Action.c(264):       <b>Flight Details:</b><BR/>  <center>\n
Action.c(264):       04/14/2022\n
Action.c(264):      :  8am : Flight 560 leaves Portland  for San Francisco.<br>  </center>\n
Action.c(264):       </TD>\n
Action.c(264):     </TR>\n
Action.c(264):     \n
Action.c(264):     <TR bgcolor="#EFF2F7">\n
Action.c(264):       <TD COLSPAN="4">\n
Action.c(264):       <hr/>\n
Action.c(264):       </TD>\n
Action.c(264):     </TR>\n
Action.c(264):     \n
Action.c(264):     <!-- Flight #1 -->\n
Action.c(264):     <TR bgcolor="#EFF2F7">\n
Action.c(264):       <TD width="5%" rowspan="2" align="left" valign="top">\n
Action.c(264):     <b>\n
Action.c(264):     <label><input type="checkbox" name="154" value="on" /></label></font></b>\n
Action.c(264):     <input type="hidden" name="flightID" value="4113414-118476-MB"  />\n
Action.c(264):       </TD>\n
Action.c(264):       <TD width="45%" valign="top">\n
Action.c(264):           <b>&nbsp;&nbsp;A Coach class ticket for :</b><br/>\n
Action.c(264):           <center><table border="0" width="85%"><tr><td>\n
Action.c(264):           <li><i>Mariya Bogolyubova\n
Action.c(264):           <li><i></i>\n
Action.c(264):           </td></tr></table></center>\n
Action.c(264):       </TD>\n
Action.c(264):       <TD width="5%" >.<br/>.<br/>.<br/>.</TD>\n
Action.c(264):       <TD width="45%" valign=top><b>Invoice sent to:</b><br/>\n
Action.c(264):           <center>\n
Action.c(264):           <Table width="80%" cellspacing="0" > <tr> <td>\n
Action.c(264):               Mariya Bogolyubova\n
Action.c(264):     <br/>\n
Action.c(264):               Dolnoslaskie<br/>\n
Action.c(264):               Dolnoslaskie<br/>\n
Action.c(264):               <br/>\n
Action.c(264):               Total Charge: $ 191 <BR/> (CC: x-111)\n
Action.c(264):           </td> </tr> </table>\n
Action.c(264):           </center>\n
Action.c(264):       </TD>\n
Action.c(264):     </TR>\n
Action.c(264):     <TR bgcolor="#EFF2F7">\n
Action.c(264):       <TD COLSPAN="3">\n
Action.c(264):       <b>Flight Details:</b><BR/>  <center>\n
Action.c(264):       04/14/2022\n
Action.c(264):      :  5pm : Flight 062 leaves Denver  for San Francisco.<br>  </center>\n
Action.c(264):       </TD>\n
Action.c(264):     </TR>\n
Action.c(264):     \n
Action.c(264):     <TR bgcolor="#EFF2F7">\n
Action.c(264):       <TD COLSPAN="4">\n
Action.c(264):       <hr/>\n
Action.c(264):       </TD>\n
Action.c(264):     </TR>\n
Action.c(264):     \n
Action.c(264):     <!-- Flight #1 -->\n
Action.c(264):     <TR bgcolor="#EFF2F7">\n
Action.c(264):       <TD width="5%" rowspan="2" align="left" valign="top">\n
Action.c(264):     <b>\n
Action.c(264):     <label><input type="checkbox" name="155" value="on" /></label></font></b>\n
Action.c(264):     <input type="hidden" name="flightID" value="413929-11929-MB"  />\n
Action.c(264):       </TD>\n
Action.c(264):       <TD width="45%" valign="top">\n
Action.c(264):           <b>&nbsp;&nbsp;A Coach class ticket for :</b><br/>\n
Action.c(264):           <center><table border="0" width="85%"><tr><td>\n
Action.c(264):           <li><i>Mariya Bogolyubova\n
Action.c(264):           <li><i></i>\n
Action.c(264):           </td></tr></table></center>\n
Action.c(264):       </TD>\n
Action.c(264):       <TD width="5%" >.<br/>.<br/>.<br/>.</TD>\n
Action.c(264):       <TD width="45%" valign=top><b>Invoice sent to:</b><br/>\n
Action.c(264):           <center>\n
Action.c(264):           <Table width="80%" cellspacing="0" > <tr> <td>\n
Action.c(264):               Mariya Bogolyubova\n
Action.c(264):     <br/>\n
Action.c(264):               Dolnoslaskie<br/>\n
Action.c(264):               Dolnoslaskie<br/>\n
Action.c(264):               <br/>\n
Action.c(264):               Total Charge: $ 86 <BR/> (CC: x-111)\n
Action.c(264):           </td> </tr> </t
Action.c(264): t=537837ms: 8-byte chunked response overhead for "http://localhost:1080/cgi-bin/itinerary.pl" (RelFrameId=1.2, Internal ID=121)
Action.c(264):     \r\n
Action.c(264):     1000\r\n
Action.c(264): t=537837ms: 8-byte chunked response overhead for "http://localhost:1080/cgi-bin/itinerary.pl" (RelFrameId=1.2, Internal ID=121)
Action.c(264):     \r\n
Action.c(264):     1000\r\n
Action.c(264): t=537838ms: 7-byte chunked response overhead for "http://localhost:1080/cgi-bin/itinerary.pl" (RelFrameId=1.2, Internal ID=121)
Action.c(264):     \r\n
Action.c(264):     178\r\n
Action.c(264): t=537838ms: 7-byte chunked response overhead for "http://localhost:1080/cgi-bin/itinerary.pl" (RelFrameId=1.2, Internal ID=121)
Action.c(264):     \r\n
Action.c(264):     0\r\n
Action.c(264):     \r\n
Action.c(264): t=537838ms: 9047-byte chunked response body for "http://localhost:1080/cgi-bin/itinerary.pl" (RelFrameId=1.2, Internal ID=121)
Action.c(264):     able>\n
Action.c(264):           </center>\n
Action.c(264):       </TD>\n
Action.c(264):     </TR>\n
Action.c(264):     <TR bgcolor="#EFF2F7">\n
Action.c(264):       <TD COLSPAN="3">\n
Action.c(264):       <b>Flight Details:</b><BR/>  <center>\n
Action.c(264):       04/14/2022\n
Action.c(264):      :  8am : Flight 760 leaves Seattle  for San Francisco.<br>  </center>\n
Action.c(264):       </TD>\n
Action.c(264):     </TR>\n
Action.c(264):     \n
Action.c(264):     <TR bgcolor="#EFF2F7">\n
Action.c(264):       <TD COLSPAN="4">\n
Action.c(264):       <hr/>\n
Action.c(264):       </TD>\n
Action.c(264):     </TR>\n
Action.c(264):     <TR>\n
Action.c(264):        <TD align="center" COLSPAN="4">\n
Action.c(264):        <b>A total of 155 scheduled flights.</font></b>\n
Action.c(264):        </TD>\n
Action.c(264):     </TR>\n
Action.c(264):     </TABLE>\n
Action.c(264):     \n
Action.c(264):     <TABLE WIDTH="87%" BORDER="0" CELLSPACING="0">\n
Action.c(264):     <TR>\n
Action.c(264):     <TD align="left" width="50%" >\n
Action.c(264):     <input type="image" name="removeFlights" src="/WebTours/images/cancelreservation.gif" bord
Action.c(264):     er="0" /></TD>\n
Action.c(264):     <TD align="right" width="50%" >\n
Action.c(264):     <input type="image" name="removeAllFlights" src="/WebTours/images/cancelallreservations.gi
Action.c(264):     f" border="0" /></TD>\n
Action.c(264):     </TABLE>\n
Action.c(264):     \n
Action.c(264):     <div><input type="hidden" name=".cgifields" value="127"  /><input type="hidden" name=".cgi
Action.c(264):     fields" value="32"  /><input type="hidden" name=".cgifields" value="90"  /><input type="hi
Action.c(264):     dden" name=".cgifields" value="118"  /><input type="hidden" name=".cgifields" value="71"  
Action.c(264):     /><input type="hidden" name=".cgifields" value="102"  /><input type="hidden" name=".cgifie
Action.c(264):     lds" value="18"  /><input type="hidden" name=".cgifields" value="125"  /><input type="hidd
Action.c(264):     en" name=".cgifields" value="16"  /><input type="hidden" name=".cgifields" value="44"  /><
Action.c(264):     input type="hidden" name=".cgifields" value="55"  /><input type="hidden" name=".cgifields"
Action.c(264):      value="84"  /><input type="hidden" name=".cgifields" value="27"  /><input type="hidden" n
Action.c(264):     ame=".cgifields" value="95"  /><input type="hidden" name=".cgifields" value="57"  /><input
Action.c(264):      type="hidden" name=".cgifields" value="20"  /><input type="hidden" name=".cgifields" valu
Action.c(264):     e="109"  /><input type="hidden" name=".cgifields" value="151"  /><input type="hidden" name
Action.c(264):     =".cgifields" value="89"  /><input type="hidden" name=".cgifields" value="148"  /><input t
Action.c(264):     ype="hidden" name=".cgifields" value="31"  /><input type="hidden" name=".cgifields" value=
Action.c(264):     "35"  /><input type="hidden" name=".cgifields" value="11"  /><input type="hidden" name=".c
Action.c(264):     gifields" value="78"  /><input type="hidden" name=".cgifields" value="93"  /><input type="
Action.c(264):     hidden" name=".cgifields" value="106"  /><input type="hidden" name=".cgifields" value="65"
Action.c(264):       /><input type="hidden" name=".cgifields" value="29"  /><input type="hidden" name=".cgifi
Action.c(264):     elds" value="138"  /><input type="hidden" name=".cgifields" value="114"  /><input type="hi
Action.c(264):     dden" name=".cgifields" value="58"  /><input type="hidden" name=".cgifields" value="153"  
Action.c(264):     /><input type="hidden" name=".cgifields" value="15"  /><input type="hidden" name=".cgifiel
Action.c(264):     ds" value="137"  /><input type="hidden" name=".cgifields" value="81"  /><input type="hidde
Action.c(264):     n" name=".cgifields" value="60"  /><input type="hidden" name=".cgifields" value="101"  /><
Action.c(264):     input type="hidden" name=".cgifields" value="73"  /><input type="hidden" name=".cgifields"
Action.c(264):      value="86"  /><input type="hidden" name=".cgifields" value="76"  /><input type="hidden" n
Action.c(264):     ame=".cgifields" value="62"  /><input type="hidden" name=".cgifields" value="67"  /><input
Action.c(264):      type="hidden" name=".cgifields" value="139"  /><input type="hidden" name=".cgifields" val
Action.c(264):     ue="129"  /><input type="hidden" name=".cgifields" value="2"  /><input type="hidden" name=
Action.c(264):     ".cgifields" value="17"  /><input type="hidden" name=".cgifields" value="110"  /><input ty
Action.c(264):     pe="hidden" name=".cgifields" value="82"  /><input type="hidden" name=".cgifields" value="
Action.c(264):     147"  /><input type="hidden" name=".cgifields" value="135"  /><input type="hidden" name=".
Action.c(264):     cgifields" value="14"  /><input type="hidden" name=".cgifields" value="112"  /><input type
Action.c(264):     ="hidden" name=".cgifields" value="69"  /><input type="hidden" name=".cgifields" value="14
Action.c(264):     5"  /><input type="hidden" name=".cgifields" value="49"  /><input type="hidden" name=".cgi
Action.c(264):     fields" value="24"  /><input type="hidden" name=".cgifields" value="140"  /><input type="h
Action.c(264):     idden" name=".cgifields" value="124"  /><input type="hidden" name=".cgifields" value="104"
Action.c(264):       /><input type="hidden" name=".cgifields" value="131"  /><input type="hidden" name=".cgif
Action.c(264):     ields" value="121"  /><input type="hidden" name=".cgifields" value="79"  /><input type="hi
Action.c(264):     dden" name=".cgifields" value="154"  /><input type="hidden" name=".cgifields" value="23"  
Action.c(264):     /><input type="hidden" name=".cgifields" value="96"  /><input type="hidden" name=".cgifiel
Action.c(264):     ds" value="126"  /><input type="hidden" name=".cgifields" value="47"  /><input type="hidde
Action.c(264):     n" name=".cgifields" value="8"  /><input type="hidden" name=".cgifields" value="98"  /><in
Action.c(264):     put type="hidden" name=".cgifields" value="37"  /><input type="hidden" name=".cgifields" v
Action.c(264):     alue="117"  /><input type="hidden" name=".cgifields" value="43"  /><input type="hidden" na
Action.c(264):     me=".cgifields" value="5"  /><input type="hidden" name=".cgifields" value="33"  /><input t
Action.c(264):     ype="hidden" name=".cgifields" value="21"  /><input type="hidden" name=".cgifields" value=
Action.c(264):     "63"  /><input type="hidden" name=".cgifields" value="7"  /><input type="hidden" name=".cg
Action.c(264):     ifields" value="26"  /><input type="hidden" name=".cgifields" value="80"  /><input type="h
Action.c(264):     idden" name=".cgifields" value="119"  /><input type="hidden" name=".cgifields" value="99" 
Action.c(264):      /><input type="hidden" name=".cgifields" value="72"  /><input type="hidden" name=".cgifie
Action.c(264):     lds" value="74"  /><input type="hidden" name=".cgifields" value="61"  /><input type="hidde
Action.c(264):     n" name=".cgifields" value="108"  /><input type="hidden" name=".cgifields" value="115"  />
Action.c(264):     <input type="hidden" name=".cgifields" value="92"  /><input type="hidden" name=".cgifields
Action.c(264):     " value="103"  /><input type="hidden" name=".cgifields" value="10"  /><input type="hidden"
Action.c(264):      name=".cgifields" value="113"  /><input type="hidden" name=".cgifields" value="152"  /><i
Action.c(264):     nput type="hidden" name=".cgifields" value="142"  /><input type="hidden" name=".cgifields"
Action.c(264):      value="91"  /><input type="hidden" name=".cgifields" value="48"  /><input type="hidden" n
Action.c(264):     ame=".cgifields" value="107"  /><input type="hidden" name=".cgifields" value="87"  /><inpu
Action.c(264):     t type="hidden" name=".cgifields" value="77"  /><input type="hidden" name=".cgifields" val
Action.c(264):     ue="133"  /><input type="hidden" name=".cgifields" value="149"  /><input type="hidden" nam
Action.c(264):     e=".cgifields" value="123"  /><input type="hidden" name=".cgifields" value="50"  /><input 
Action.c(264):     type="hidden" name=".cgifields" value="39"  /><input type="hidden" name=".cgifields" value
Action.c(264):     ="64"  /><input type="hidden" name=".cgifields" value="97"  /><input type="hidden" name=".
Action.c(264):     cgifields" value="12"  /><input type="hidden" name=".cgifields" value="41"  /><input type=
Action.c(264):     "hidden" name=".cgifields" value="52"  /><input type="hidden" name=".cgifields" value="56"
Action.c(264):       /><input type="hidden" name=".cgifields" value="45"  /><input type="hidden" name=".cgifi
Action.c(264):     elds" value="66"  /><input type="hidden" name=".cgifields" value="19"  /><input type="hidd
Action.c(264):     en" name=".cgifields" value="54"  /><input type="hidden" name=".cgifields" value="70"  /><
Action.c(264):     input type="hidden" name=".cgifields" value="68"  /><input type="hidden" name=".cgifields"
Action.c(264):      value="1"  /><input type="hidden" name=".cgifields" value="136"  /><input type="hidden" n
Action.c(264):     ame=".cgifields" value="88"  /><input type="hidden" name=".cgifields" value="116"  /><inpu
Action.c(264):     t type="hidden" name=".cgifields" value="144"  /><input type="hidden" name=".cgifields" va
Action.c(264):     lue="141"  /><input type="hidden" name=".cgifields" value="30"  /><input type="hidden" nam
Action.c(264):     e=".cgifields" value="100"  /><input type="hidden" name=".cgifields" value="25"  /><input 
Action.c(264):     type="hidden" name=".cgifields" value="128"  /><input type="hidden" name=".cgifields" valu
Action.c(264):     e="28"  /><input type="hidden" name=".cgifields" value="120"  /><input type="hidden" name=
Action.c(264):     ".cgifields" value="134"  /><input type="hidden" name=".cgifields" value="40"  /><input ty
Action.c(264):     pe="hidden" name=".cgifields" value="75"  /><input type="hidden" name=".cgifields" value="
Action.c(264):     83"  /><input type="hidden" name=".cgifields" value="59"  /><input type="hidden" name=".cg
Action.c(264):     ifields" value="150"  /><input type="hidden" name=".cgifields" value="155"  /><input type=
Action.c(264):     "hidden" name=".cgifields" value="130"  /><input type="hidden" name=".cgifields" value="53
Action.c(264):     "  /><input type="hidden" name=".cgifields" value="122"  /><input type="hidden" name=".cgi
Action.c(264):     fields" value="143"  /><input type="hidden" name=".cgifields" value="42"  /><input type="h
Action.c(264):     idden" name=".cgifields" value="22"  /><input type="hidden" name=".cgifields" value="46"  
Action.c(264):     /><input type="hidden" name=".cgifields" value="13"  /><input type="hidden" name=".cgifiel
Action.c(264):     ds" value="105"  /><input type="hidden" name=".cgifields" value="6"  /><input type="hidden
Action.c(264):     " name=".cgifields" value="85"  /><input type="hidden" name=".cgifields" value="36"  /><in
Action.c(264):     put type="hidden" name=".cgifields" value="3"  /><input type="hidden" name=".cgifields" va
Action.c(264):     lue="94"  /><input type="hidden" name=".cgifields" value="146"  /><input type="hidden" nam
Action.c(264):     e=".cgifields" value="51"  /><input type="hidden" name=".cgifields" value="9"  /><input ty
Action.c(264):     pe="hidden" name=".cgifields" value="111"  /><input type="hidden" name=".cgifields" value=
Action.c(264):     "38"  /><input type="hidden" name=".cgifields" value="4"  /><input type="hidden" name=".cg
Action.c(264):     ifields" value="34"  /><input type="hidden" name=".cgifields" value="132"  /></div></form>
Action.c(264):     \n
Action.c(264):     \n
Action.c(264):     </center>\n
Action.c(264):     \n
Action.c(264):     </body>\n
Action.c(264):     </html>
Action.c(264): Found resource "http://localhost:1080/WebTours/images/cancelreservation.gif" in HTML "http://localhost:1080/cgi-bin/itinerary.pl"  	[MsgId: MMSG-26659]
Action.c(264): Found resource "http://localhost:1080/WebTours/images/cancelallreservations.gif" in HTML "http://localhost:1080/cgi-bin/itinerary.pl"  	[MsgId: MMSG-26659]
Action.c(264): t=537850ms: Request done "http://localhost:1080/cgi-bin/itinerary.pl"  	[MsgId: MMSG-26000]
Action.c(264): t=537850ms: Already connected [0] to localhost:1080  	[MsgId: MMSG-26000]
Action.c(264): t=537850ms: 791-byte request headers for "http://localhost:1080/WebTours/images/cancelreservation.gif" (RelFrameId=, Internal ID=123)
Action.c(264):     GET /WebTours/images/cancelreservation.gif HTTP/1.1\r\n
Action.c(264):     Referer: http://localhost:1080/cgi-bin/itinerary.pl\r\n
Action.c(264):     Sec-Fetch-Site: same-origin\r\n
Action.c(264):     Sec-Fetch-Dest: frame\r\n
Action.c(264):     Sec-Fetch-Mode: navigate\r\n
Action.c(264):     sec-ch-ua: " Not A;Brand";v="99", "Chromium";v="99", "Google Chrome";v="99"\r\n
Action.c(264):     sec-ch-ua-mobile: ?0\r\n
Action.c(264):     sec-ch-ua-platform: "Windows"\r\n
Action.c(264):     Sec-Fetch-User: ?1\r\n
Action.c(264):     Upgrade-Insecure-Requests: 1\r\n
Action.c(264):     User-Agent: Mozilla/5.0 (Windows NT 10.0; Win64; x64) AppleWebKit/537.36 (KHTML, like Geck
Action.c(264):     o) Chrome/99.0.4844.82 Safari/537.36\r\n
Action.c(264):     Accept-Encoding: gzip, deflate, br\r\n
Action.c(264):     Accept-Language: ru-RU,ru;q=0.9,en-US;q=0.8,en;q=0.7\r\n
Action.c(264):     Accept: */*\r\n
Action.c(264):     Connection: Keep-Alive\r\n
Action.c(264):     Host: localhost:1080\r\n
Action.c(264):     Cookie: MSO=SID&1649833753; MTUserInfo=firstName&Mariya&username&mary1&address2&Dolnoslask
Action.c(264):     ie&hash&17&address1&Dolnoslaskie&lastName&Bogolyubova%0A\r\n
Action.c(264):     \r\n
Action.c(264): t=537853ms: 297-byte response headers for "http://localhost:1080/WebTours/images/cancelreservation.gif" (RelFrameId=, Internal ID=123)
Action.c(264):     HTTP/1.1 200 OK\r\n
Action.c(264):     Date: Wed, 13 Apr 2022 07:09:36 GMT\r\n
Action.c(264):     Server: Apache/2.2.21 (Win32)\r\n
Action.c(264):     Last-Modified: Thu, 12 Jan 2012 13:30:27 GMT\r\n
Action.c(264):     ETag: "10000000758c4-33f-4b654c052c2c0"\r\n
Action.c(264):     Accept-Ranges: bytes\r\n
Action.c(264):     Content-Length: 831\r\n
Action.c(264):     Keep-Alive: timeout=5, max=96\r\n
Action.c(264):     Connection: Keep-Alive\r\n
Action.c(264):     Content-Type: image/gif\r\n
Action.c(264):     \r\n
Action.c(264): t=537853ms: 831-byte response body for "http://localhost:1080/WebTours/images/cancelreservation.gif" (RelFrameId=, Internal ID=123)
Action.c(264): t=537854ms: Request done "http://localhost:1080/WebTours/images/cancelreservation.gif"  	[MsgId: MMSG-26000]
Action.c(264): t=537854ms: Already connected [1] to localhost:1080  	[MsgId: MMSG-26000]
Action.c(264): t=537854ms: 795-byte request headers for "http://localhost:1080/WebTours/images/cancelallreservations.gif" (RelFrameId=, Internal ID=124)
Action.c(264):     GET /WebTours/images/cancelallreservations.gif HTTP/1.1\r\n
Action.c(264):     Referer: http://localhost:1080/cgi-bin/itinerary.pl\r\n
Action.c(264):     Sec-Fetch-Site: same-origin\r\n
Action.c(264):     Sec-Fetch-Dest: frame\r\n
Action.c(264):     Sec-Fetch-Mode: navigate\r\n
Action.c(264):     sec-ch-ua: " Not A;Brand";v="99", "Chromium";v="99", "Google Chrome";v="99"\r\n
Action.c(264):     sec-ch-ua-mobile: ?0\r\n
Action.c(264):     sec-ch-ua-platform: "Windows"\r\n
Action.c(264):     Sec-Fetch-User: ?1\r\n
Action.c(264):     Upgrade-Insecure-Requests: 1\r\n
Action.c(264):     User-Agent: Mozilla/5.0 (Windows NT 10.0; Win64; x64) AppleWebKit/537.36 (KHTML, like Geck
Action.c(264):     o) Chrome/99.0.4844.82 Safari/537.36\r\n
Action.c(264):     Accept-Encoding: gzip, deflate, br\r\n
Action.c(264):     Accept-Language: ru-RU,ru;q=0.9,en-US;q=0.8,en;q=0.7\r\n
Action.c(264):     Accept: */*\r\n
Action.c(264):     Connection: Keep-Alive\r\n
Action.c(264):     Host: localhost:1080\r\n
Action.c(264):     Cookie: MSO=SID&1649833753; MTUserInfo=firstName&Mariya&username&mary1&address2&Dolnoslask
Action.c(264):     ie&hash&17&address1&Dolnoslaskie&lastName&Bogolyubova%0A\r\n
Action.c(264):     \r\n
Action.c(264): t=537856ms: 297-byte response headers for "http://localhost:1080/WebTours/images/cancelallreservations.gif" (RelFrameId=, Internal ID=124)
Action.c(264):     HTTP/1.1 200 OK\r\n
Action.c(264):     Date: Wed, 13 Apr 2022 07:09:36 GMT\r\n
Action.c(264):     Server: Apache/2.2.21 (Win32)\r\n
Action.c(264):     Last-Modified: Thu, 12 Jan 2012 13:30:27 GMT\r\n
Action.c(264):     ETag: "10000000758c3-2e6-4b654c052c2c0"\r\n
Action.c(264):     Accept-Ranges: bytes\r\n
Action.c(264):     Content-Length: 742\r\n
Action.c(264):     Keep-Alive: timeout=5, max=98\r\n
Action.c(264):     Connection: Keep-Alive\r\n
Action.c(264):     Content-Type: image/gif\r\n
Action.c(264):     \r\n
Action.c(264): t=537857ms: 742-byte response body for "http://localhost:1080/WebTours/images/cancelallreservations.gif" (RelFrameId=, Internal ID=124)
Action.c(264): t=537857ms: Request done "http://localhost:1080/WebTours/images/cancelallreservations.gif"  	[MsgId: MMSG-26000]
Action.c(264): Registered web_reg_find successful for "Text=User wants the intineraries" (count=1)  	[MsgId: MMSG-26364]
Action.c(264): web_url("Itinerary Button") was successful, 184855 body bytes, 1617 header bytes, 387 chunking overhead bytes  	[MsgId: MMSG-26385]
Action.c(274): Notify: Transaction "click_itinerary" ended with a "Pass" status (Duration: 1,4544 Wasted Time: 0,0005).	[MsgId: MMSG-16871]
Action.c(277): Notify: Transaction "UC02_BuyTicket" ended with a "Pass" status (Duration: 23,2405 Think Time: 20,1986 Wasted Time: 0,0024).	[MsgId: MMSG-16870]
Ending action Action.	[MsgId: MMSG-15918]
Ending iteration 4.	[MsgId: MMSG-15965]
Waiting 54,7560 seconds for iteration pacing.	[MsgId: MMSG-15996]
Action was aborted.	[MsgId: MMSG-10694]
Ending Vuser...	[MsgId: MMSG-15966]
Starting action vuser_end.	[MsgId: MMSG-15919]
Ending action vuser_end.	[MsgId: MMSG-15918]
Vuser Terminated.	[MsgId: MMSG-15963]
t=540579ms: Closed connection [0] to localhost:1080 after completing 5 request(s)  	[MsgId: MMSG-26000]
t=540580ms: Closed connection [1] to localhost:1080 after completing 3 request(s)  	[MsgId: MMSG-26000]
t=540580ms: Closed connection [2] to localhost:1080 after completing 1 request(s)  	[MsgId: MMSG-26000]
Action was aborted.	[MsgId: MMSG-10694]
Ending Vuser...	[MsgId: MMSG-15966]
Starting action vuser_end.	[MsgId: MMSG-15919]
Ending action vuser_end.	[MsgId: MMSG-15918]
Vuser Terminated.	[MsgId: MMSG-15963]
t=540582ms: Closed connection [0] to localhost:1080 after completing 5 request(s)  	[MsgId: MMSG-26000]
t=540582ms: Closed connection [1] to localhost:1080 after completing 3 request(s)  	[MsgId: MMSG-26000]
t=540583ms: Closed connection [2] to localhost:1080 after completing 1 request(s)  	[MsgId: MMSG-26000]
Action was aborted.	[MsgId: MMSG-10694]
Ending Vuser...	[MsgId: MMSG-15966]
Starting action vuser_end.	[MsgId: MMSG-15919]
Ending action vuser_end.	[MsgId: MMSG-15918]
Vuser Terminated.	[MsgId: MMSG-15963]
t=540589ms: Closed connection [0] to localhost:1080 after completing 6 request(s)  	[MsgId: MMSG-26000]
t=540589ms: Closed connection [1] to localhost:1080 after completing 1 request(s)  	[MsgId: MMSG-26000]
t=540590ms: Closed connection [3] to localhost:1080 after completing 3 request(s)  	[MsgId: MMSG-26000]
Action was aborted.	[MsgId: MMSG-10694]
Ending Vuser...	[MsgId: MMSG-15966]
Starting action vuser_end.	[MsgId: MMSG-15919]
Ending action vuser_end.	[MsgId: MMSG-15918]
Vuser Terminated.	[MsgId: MMSG-15963]
t=540591ms: Closed connection [0] to localhost:1080 after completing 5 request(s)  	[MsgId: MMSG-26000]
t=540592ms: Closed connection [1] to localhost:1080 after completing 1 request(s)  	[MsgId: MMSG-26000]
t=540592ms: Closed connection [2] to localhost:1080 after completing 2 request(s)  	[MsgId: MMSG-26000]
t=540592ms: Closed connection [3] to localhost:1080 after completing 1 request(s)  	[MsgId: MMSG-26000]
HTML-Mode memory management statistics: Reusable=40, NonReusable=0, CsMemBlockSize=4096, checks disabled  	[MsgId: MMSG-26000]
Vuser 7 (thread 1092), ended OK."	[MsgId: MMSG-10695]
HTML-Mode memory management statistics: Reusable=40, NonReusable=0, CsMemBlockSize=4096, checks disabled  	[MsgId: MMSG-26000]
Vuser 6 (thread 8624), ended OK."	[MsgId: MMSG-10695]
Action was aborted.	[MsgId: MMSG-10694]
Ending Vuser...	[MsgId: MMSG-15966]
Starting action vuser_end.	[MsgId: MMSG-15919]
Ending action vuser_end.	[MsgId: MMSG-15918]
Action was aborted.	[MsgId: MMSG-10694]
Vuser Terminated.	[MsgId: MMSG-15963]
Ending Vuser...	[MsgId: MMSG-15966]
Starting action vuser_end.	[MsgId: MMSG-15919]
t=540608ms: Closed connection [0] to localhost:1080 after completing 5 request(s)  	[MsgId: MMSG-26000]
Ending action vuser_end.	[MsgId: MMSG-15918]
Vuser Terminated.	[MsgId: MMSG-15963]
t=540608ms: Closed connection [0] to localhost:1080 after completing 6 request(s)  	[MsgId: MMSG-26000]
t=540609ms: Closed connection [1] to localhost:1080 after completing 3 request(s)  	[MsgId: MMSG-26000]
t=540609ms: Closed connection [1] to localhost:1080 after completing 1 request(s)  	[MsgId: MMSG-26000]
t=540609ms: Closed connection [2] to localhost:1080 after completing 1 request(s)  	[MsgId: MMSG-26000]
t=540609ms: Closed connection [2] to localhost:1080 after completing 3 request(s)  	[MsgId: MMSG-26000]
t=540609ms: Closed connection [3] to localhost:1080 after completing 1 request(s)  	[MsgId: MMSG-26000]
HTML-Mode memory management statistics: Reusable=31, NonReusable=0, CsMemBlockSize=4096, checks disabled  	[MsgId: MMSG-26000]
Vuser 8 (thread 3512), ended OK."	[MsgId: MMSG-10695]
HTML-Mode memory management statistics: Reusable=32, NonReusable=0, CsMemBlockSize=4096, checks disabled  	[MsgId: MMSG-26000]
Action was aborted.	[MsgId: MMSG-10694]
Ending Vuser...	[MsgId: MMSG-15966]
Starting action vuser_end.	[MsgId: MMSG-15919]
Ending action vuser_end.	[MsgId: MMSG-15918]
Vuser Terminated.	[MsgId: MMSG-15963]
Action was aborted.	[MsgId: MMSG-10694]
Ending Vuser...	[MsgId: MMSG-15966]
Starting action vuser_end.	[MsgId: MMSG-15919]
Ending action vuser_end.	[MsgId: MMSG-15918]
Vuser Terminated.	[MsgId: MMSG-15963]
t=540619ms: Closed connection [0] to localhost:1080 after completing 5 request(s)  	[MsgId: MMSG-26000]
t=540619ms: Closed connection [0] to localhost:1080 after completing 5 request(s)  	[MsgId: MMSG-26000]
t=540619ms: Closed connection [1] to localhost:1080 after completing 1 request(s)  	[MsgId: MMSG-26000]
t=540620ms: Closed connection [3] to localhost:1080 after completing 3 request(s)  	[MsgId: MMSG-26000]
t=540620ms: Closed connection [1] to localhost:1080 after completing 1 request(s)  	[MsgId: MMSG-26000]
t=540620ms: Closed connection [2] to localhost:1080 after completing 3 request(s)  	[MsgId: MMSG-26000]
HTML-Mode memory management statistics: Reusable=32, NonReusable=0, CsMemBlockSize=4096, checks disabled  	[MsgId: MMSG-26000]
Vuser 3 (thread 12556), ended OK."	[MsgId: MMSG-10695]
HTML-Mode memory management statistics: Reusable=32, NonReusable=0, CsMemBlockSize=4096, checks disabled  	[MsgId: MMSG-26000]
Vuser 2 (thread 12548), ended OK."	[MsgId: MMSG-10695]
HTML-Mode memory management statistics: Reusable=31, NonReusable=0, CsMemBlockSize=4096, checks disabled  	[MsgId: MMSG-26000]
Vuser 4 (thread 6184), ended OK."	[MsgId: MMSG-10695]
Action was aborted.	[MsgId: MMSG-10694]
Ending Vuser...	[MsgId: MMSG-15966]
Starting action vuser_end.	[MsgId: MMSG-15919]
Ending action vuser_end.	[MsgId: MMSG-15918]
Vuser Terminated.	[MsgId: MMSG-15963]
t=540700ms: Closed connection [0] to localhost:1080 after completing 5 request(s)  	[MsgId: MMSG-26000]
t=540700ms: Closed connection [1] to localhost:1080 after completing 3 request(s)  	[MsgId: MMSG-26000]
t=540701ms: Closed connection [3] to localhost:1080 after completing 1 request(s)  	[MsgId: MMSG-26000]
t=540702ms: Closed connection [4] to localhost:1080 after completing 1 request(s)  	[MsgId: MMSG-26000]
t=540703ms: Closed connection [5] to localhost:1080 after completing 1 request(s)  	[MsgId: MMSG-26000]
HTML-Mode memory management statistics: Reusable=39, NonReusable=0, CsMemBlockSize=4096, checks disabled  	[MsgId: MMSG-26000]
Vuser 0 (thread 8796), ended OK."	[MsgId: MMSG-10695]
HTML-Mode memory management statistics: Reusable=31, NonReusable=0, CsMemBlockSize=4096, checks disabled  	[MsgId: MMSG-26000]
Vuser 5 (thread 13272), ended OK."	[MsgId: MMSG-10695]
Vuser 1 (thread 12584), ended OK."	[MsgId: MMSG-10695]
Action.c(220): Notify: Transaction "fill_payment_details" ended with a "Stop" status (Duration: 3,7241).	[MsgId: MMSG-16873]
Action.c(220): Notify: Transaction "UC02_BuyTicket" ended with a "Stop" status (Duration: 19,9843 Think Time: 15,1038 Wasted Time: 0,0043).	[MsgId: MMSG-16870]
Abort was called from an action.	[MsgId: MMSG-10447]
Ending Vuser...	[MsgId: MMSG-15966]
Starting action vuser_end.	[MsgId: MMSG-15919]
Ending action vuser_end.	[MsgId: MMSG-15918]
Vuser Terminated.	[MsgId: MMSG-15963]
Action.c(220): t=541495ms: Closed connection [0] to localhost:1080 after completing 1 request(s)  	[MsgId: MMSG-26000]
Action.c(220): t=541495ms: Closed connection [2] to localhost:1080 after completing 1 request(s)  	[MsgId: MMSG-26000]
HTML-Mode memory management statistics: Reusable=6, NonReusable=0, CsMemBlockSize=4096, checks disabled  	[MsgId: MMSG-26000]
Vuser 9 (thread 3004), ended OK."	[MsgId: MMSG-10695]
