Start auto log messages stack - Iteration 38.	[MsgId: MMSG-10545]
Action.c(33): web_add_auto_header("sec-ch-ua-platform") started  	[MsgId: MMSG-26355]
Action.c(33): web_add_auto_header("sec-ch-ua-platform") was successful  	[MsgId: MMSG-26392]
Action.c(37): web_reg_save_param_attrib started  	[MsgId: MMSG-26355]
Action.c(37): Registering web_reg_save_param_attrib was successful  	[MsgId: MMSG-26390]
Action.c(48): web_url("WebTours") started  	[MsgId: MMSG-26355]
Action.c(48): Detected non-resource "http://localhost:1080/WebTours/header.html" in "http://localhost:1080/WebTours/"  	[MsgId: MMSG-26574]
Start auto log messages stack - Iteration 90.	[MsgId: MMSG-10545]
Action.c(105): web_add_auto_header("Upgrade-Insecure-Requests") started  	[MsgId: MMSG-26355]
Action.c(105): web_add_auto_header("Upgrade-Insecure-Requests") was successful  	[MsgId: MMSG-26392]
Action.c(108): Think time - Waiting 5,00 seconds (according to limit).	[MsgId: MMSG-15946]
Action.c(108): lr_think_time: 5,00 seconds (recorded think time was 11,00 seconds).	[MsgId: MMSG-15947]
Action.c(110): web_url("Itinerary Button") started  	[MsgId: MMSG-26355]
Action.c(110): Detected non-resource "http://localhost:1080/cgi-bin/nav.pl?page=menu&in=itinerary" in "http://localhost:1080/cgi-bin/welcome.pl?page=itinerary"  	[MsgId: MMSG-26574]
Action.c(48): Detected non-resource "http://localhost:1080/cgi-bin/welcome.pl?signOff=true" in "http://localhost:1080/WebTours/"  	[MsgId: MMSG-26574]
Action.c(48): Error -27721: Step download timeout (120 seconds) has expired when downloading resource "http://localhost:1080/cgi-bin/welcome.pl?signOff=true"  	[MsgId: MERR-27721]
End auto log messages stack.	[MsgId: MMSG-10544]


Start auto log messages stack - Iteration 38.	[MsgId: MMSG-10545]
Action.c(48): Aborting pending download of URL="http://localhost:1080/cgi-bin/welcome.pl?signOff=true" (RelFrameId=1.2, Internal ID=817)  	[MsgId: MMSG-27649]
Action.c(48): Aborting pending download of URL="http://localhost:1080/WebTours/header.html" (RelFrameId=1.1, Internal ID=816)  	[MsgId: MMSG-27649]
Action.c(48): Error -35048: No match found for the requested parameter "userSession". Check whether the tag with specific attributes exists in the response data  	[MsgId: MERR-35048]
End auto log messages stack.	[MsgId: MMSG-10544]


Start auto log messages stack - Iteration 64.	[MsgId: MMSG-10545]
Action.c(27): web_add_auto_header("sec-ch-ua") was successful  	[MsgId: MMSG-26392]
Action.c(30): web_add_auto_header("sec-ch-ua-mobile") started  	[MsgId: MMSG-26355]
Action.c(30): web_add_auto_header("sec-ch-ua-mobile") was successful  	[MsgId: MMSG-26392]
Action.c(33): web_add_auto_header("sec-ch-ua-platform") started  	[MsgId: MMSG-26355]
Action.c(33): web_add_auto_header("sec-ch-ua-platform") was successful  	[MsgId: MMSG-26392]
Action.c(37): web_reg_save_param_attrib started  	[MsgId: MMSG-26355]
Action.c(110): Detected non-resource "http://localhost:1080/cgi-bin/itinerary.pl" in "http://localhost:1080/cgi-bin/welcome.pl?page=itinerary"  	[MsgId: MMSG-26574]
Action.c(110): Error -27721: Step download timeout (120 seconds) has expired when downloading resource "http://localhost:1080/cgi-bin/itinerary.pl"  	[MsgId: MERR-27721]
End auto log messages stack.	[MsgId: MMSG-10544]


Action.c(37): Registering web_reg_save_param_attrib was successful  	[MsgId: MMSG-26390]
Action.c(48): web_url("WebTours") started  	[MsgId: MMSG-26355]
Action.c(48): Error -27721: Step download timeout (120 seconds) has expired when downloading resource "http://localhost:1080/WebTours/"  	[MsgId: MERR-27721]
End auto log messages stack.	[MsgId: MMSG-10544]


Start auto log messages stack - Iteration 64.	[MsgId: MMSG-10545]
Action.c(48): Aborting pending download of URL="http://localhost:1080/WebTours/" (RelFrameId=1, Internal ID=1387)  	[MsgId: MMSG-27649]
Action.c(48): Error -35048: No match found for the requested parameter "userSession". Check whether the tag with specific attributes exists in the response data  	[MsgId: MERR-35048]
Action.c(48): Error -26366: "Text=Web Tours" not found for web_reg_find  	[MsgId: MERR-26366]
Action.c(48): Error -26374: The above "not found" error(s) may be explained by header and body byte counts being 0 and 0, respectively.  	[MsgId: MERR-26374]
End auto log messages stack.	[MsgId: MMSG-10544]


Start auto log messages stack - Iteration 114.	[MsgId: MMSG-10545]
Action.c(110): Detected non-resource "http://localhost:1080/cgi-bin/itinerary.pl" in "http://localhost:1080/cgi-bin/welcome.pl?page=itinerary"  	[MsgId: MMSG-26574]
Action.c(110): Resource "http://localhost:1080/WebTours/images/flights.gif" is in the cache already and will not be downloaded again  	[MsgId: MMSG-26655]
Action.c(110): Found resource "http://localhost:1080/WebTours/images/in_itinerary.gif" in HTML "http://localhost:1080/cgi-bin/nav.pl?page=menu&in=itinerary"  	[MsgId: MMSG-26659]
Action.c(110): Found resource "http://localhost:1080/WebTours/images/home.gif" in HTML "http://localhost:1080/cgi-bin/nav.pl?page=menu&in=itinerary"  	[MsgId: MMSG-26659]
Action.c(110): Resource "http://localhost:1080/WebTours/images/signoff.gif" is in the cache already and will not be downloaded again  	[MsgId: MMSG-26655]
Action.c(110): Error -27721: Step download timeout (120 seconds) has expired when downloading resource "http://localhost:1080/cgi-bin/itinerary.pl"  	[MsgId: MERR-27721]
End auto log messages stack.	[MsgId: MMSG-10544]


